<!DOCTYPE html PUBLIC "-//W3C//DTD XHTML 1.1//EN" "http://www.w3.org/TR/xhtml11/DTD/xhtml11.dtd">
<html xmlns="http://www.w3.org/1999/xhtml">
<head>
<meta http-equiv="content-type" content="text/html; charset=UTF-8"/>
<title>TestNG Report</title>
<style type="text/css">table {margin-bottom:10px;border-collapse:collapse;empty-cells:show}th,td {border:1px solid #009;padding:.25em .5em}th {vertical-align:bottom}td {vertical-align:top}table a {font-weight:bold}.stripe td {background-color: #E6EBF9}.num {text-align:right}.passedodd td {background-color: #3F3}.passedeven td {background-color: #0A0}.skippedodd td {background-color: #DDD}.skippedeven td {background-color: #CCC}.failedodd td,.attn {background-color: #F33}.failedeven td,.stripe .attn {background-color: #D00}.stacktrace {white-space:pre;font-family:monospace}.totop {font-size:85%;text-align:center;border-bottom:2px solid #000}.invisible {display:none}</style>
</head>
<body>
<table>
<tr><th>Test</th><th># Passed</th><th># Skipped</th><th># Failed</th><th>Time (ms)</th><th>Included Groups</th><th>Excluded Groups</th></tr>
<tr><th colspan="7">Default suite</th></tr>
<tr><td><a href="#t0">Default test</a></td><td class="num">42</td><td class="num">0</td><td class="num">0</td><td class="num">2.905</td><td></td><td></td></tr>
</table>
<table id='summary'><thead><tr><th>Class</th><th>Method</th><th>Start</th><th>Time (ms)</th></tr></thead><tbody><tr><th colspan="4">Default suite</th></tr></tbody><tbody id="t0"><tr><th colspan="4">Default test &#8212; passed</th></tr><tr class="passedeven"><td rowspan="42">de.letsbulidacompiler.compiler.CompilerTest</td><td><a href="#m0">compilingCode_throwsFunctionAlreadyDefinedException_whenDefiningFunctionTwice</a></td><td rowspan="1">1508265716105</td><td rowspan="1">84</td></tr><tr class="passedeven"><td><a href="#m1">compilingCode_throwsUndeclaredVariableException_ifReadingUndefinedVariable</a></td><td rowspan="1">1508265716195</td><td rowspan="1">6</td></tr><tr class="passedeven"><td><a href="#m2">compilingCode_throwsUndeclaredVariableException_ifWrintingUndefinedVariable</a></td><td rowspan="1">1508265716205</td><td rowspan="1">2</td></tr><tr class="passedeven"><td><a href="#m3">compilingCode_throwsUndefinedFunctionException_whenCallingUndefinedFunction</a></td><td rowspan="1">1508265716212</td><td rowspan="1">3</td></tr><tr class="passedeven"><td><a href="#m4">compilingCode_throwsVariableAlreadyDefinedException_whenDefiningAlreadyDefinedVariable</a></td><td rowspan="1">1508265716222</td><td rowspan="1">2</td></tr><tr class="passedeven"><td><a href="#m5">runningCode_outputExpectedText</a></td><td rowspan="37">1508265717890</td><td rowspan="37">74</td></tr><tr class="passedeven"><td><a href="#m6">runningCode_outputExpectedText</a></td></tr><tr class="passedeven"><td><a href="#m7">runningCode_outputExpectedText</a></td></tr><tr class="passedeven"><td><a href="#m8">runningCode_outputExpectedText</a></td></tr><tr class="passedeven"><td><a href="#m9">runningCode_outputExpectedText</a></td></tr><tr class="passedeven"><td><a href="#m10">runningCode_outputExpectedText</a></td></tr><tr class="passedeven"><td><a href="#m11">runningCode_outputExpectedText</a></td></tr><tr class="passedeven"><td><a href="#m12">runningCode_outputExpectedText</a></td></tr><tr class="passedeven"><td><a href="#m13">runningCode_outputExpectedText</a></td></tr><tr class="passedeven"><td><a href="#m14">runningCode_outputExpectedText</a></td></tr><tr class="passedeven"><td><a href="#m15">runningCode_outputExpectedText</a></td></tr><tr class="passedeven"><td><a href="#m16">runningCode_outputExpectedText</a></td></tr><tr class="passedeven"><td><a href="#m17">runningCode_outputExpectedText</a></td></tr><tr class="passedeven"><td><a href="#m18">runningCode_outputExpectedText</a></td></tr><tr class="passedeven"><td><a href="#m19">runningCode_outputExpectedText</a></td></tr><tr class="passedeven"><td><a href="#m20">runningCode_outputExpectedText</a></td></tr><tr class="passedeven"><td><a href="#m21">runningCode_outputExpectedText</a></td></tr><tr class="passedeven"><td><a href="#m22">runningCode_outputExpectedText</a></td></tr><tr class="passedeven"><td><a href="#m23">runningCode_outputExpectedText</a></td></tr><tr class="passedeven"><td><a href="#m24">runningCode_outputExpectedText</a></td></tr><tr class="passedeven"><td><a href="#m25">runningCode_outputExpectedText</a></td></tr><tr class="passedeven"><td><a href="#m26">runningCode_outputExpectedText</a></td></tr><tr class="passedeven"><td><a href="#m27">runningCode_outputExpectedText</a></td></tr><tr class="passedeven"><td><a href="#m28">runningCode_outputExpectedText</a></td></tr><tr class="passedeven"><td><a href="#m29">runningCode_outputExpectedText</a></td></tr><tr class="passedeven"><td><a href="#m30">runningCode_outputExpectedText</a></td></tr><tr class="passedeven"><td><a href="#m31">runningCode_outputExpectedText</a></td></tr><tr class="passedeven"><td><a href="#m32">runningCode_outputExpectedText</a></td></tr><tr class="passedeven"><td><a href="#m33">runningCode_outputExpectedText</a></td></tr><tr class="passedeven"><td><a href="#m34">runningCode_outputExpectedText</a></td></tr><tr class="passedeven"><td><a href="#m35">runningCode_outputExpectedText</a></td></tr><tr class="passedeven"><td><a href="#m36">runningCode_outputExpectedText</a></td></tr><tr class="passedeven"><td><a href="#m37">runningCode_outputExpectedText</a></td></tr><tr class="passedeven"><td><a href="#m38">runningCode_outputExpectedText</a></td></tr><tr class="passedeven"><td><a href="#m39">runningCode_outputExpectedText</a></td></tr><tr class="passedeven"><td><a href="#m40">runningCode_outputExpectedText</a></td></tr><tr class="passedeven"><td><a href="#m41">runningCode_outputExpectedText</a></td></tr></tbody>
</table>
<h2>Default test</h2><h3 id="m0">de.letsbulidacompiler.compiler.CompilerTest#compilingCode_throwsFunctionAlreadyDefinedException_whenDefiningFunctionTwice</h3><table class="result"><tr><th>Expected Exception</th></tr><tr><td><div class="stacktrace">de.letsbulidacompiler.compiler.exceptions.FunctionAlreadyDefinedException: 2:4 function already defined: &lt;x&gt;
	at de.letsbuildacompiler.compiler.FunctionDefinitionFinder$1.visitFunctionDefinition(FunctionDefinitionFinder.java:23)
	at de.letsbuildacompiler.compiler.FunctionDefinitionFinder$1.visitFunctionDefinition(FunctionDefinitionFinder.java:1)
	at de.letsbuildacompiler.parser.DemoParser$FunctionDefinitionContext.accept(DemoParser.java:887)
	at org.antlr.v4.runtime.tree.AbstractParseTreeVisitor.visitChildren(AbstractParseTreeVisitor.java:46)
	at de.letsbuildacompiler.parser.DemoBaseVisitor.visitProgPartFunctionDefinition(DemoBaseVisitor.java:34)
	at de.letsbuildacompiler.parser.DemoParser$ProgPartFunctionDefinitionContext.accept(DemoParser.java:175)
	at org.antlr.v4.runtime.tree.AbstractParseTreeVisitor.visitChildren(AbstractParseTreeVisitor.java:46)
	at de.letsbuildacompiler.parser.DemoBaseVisitor.visitProgram(DemoBaseVisitor.java:20)
	at de.letsbuildacompiler.parser.DemoParser$ProgramContext.accept(DemoParser.java:107)
	at org.antlr.v4.runtime.tree.AbstractParseTreeVisitor.visit(AbstractParseTreeVisitor.java:18)
	at de.letsbuildacompiler.compiler.FunctionDefinitionFinder.findFunctions(FunctionDefinitionFinder.java:28)
	at de.letsbuildacompiler.compiler.Main.compile(Main.java:34)
	at de.letsbulidacompiler.compiler.CompilerTest.compileAndRun(CompilerTest.java:234)
	at de.letsbulidacompiler.compiler.CompilerTest.compilingCode_throwsFunctionAlreadyDefinedException_whenDefiningFunctionTwice(CompilerTest.java:104)
	at sun.reflect.NativeMethodAccessorImpl.invoke0(Native Method)
	at sun.reflect.NativeMethodAccessorImpl.invoke(NativeMethodAccessorImpl.java:62)
	at sun.reflect.DelegatingMethodAccessorImpl.invoke(DelegatingMethodAccessorImpl.java:43)
	at java.lang.reflect.Method.invoke(Method.java:498)
	at org.testng.internal.MethodInvocationHelper.invokeMethod(MethodInvocationHelper.java:108)
	at org.testng.internal.Invoker.invokeMethod(Invoker.java:669)
	at org.testng.internal.Invoker.invokeTestMethod(Invoker.java:877)
	at org.testng.internal.Invoker.invokeTestMethods(Invoker.java:1201)
	at org.testng.internal.TestMethodWorker.invokeTestMethods(TestMethodWorker.java:125)
	at org.testng.internal.TestMethodWorker.run(TestMethodWorker.java:109)
	at org.testng.TestRunner.privateRun(TestRunner.java:776)
	at org.testng.TestRunner.run(TestRunner.java:634)
	at org.testng.SuiteRunner.runTest(SuiteRunner.java:425)
	at org.testng.SuiteRunner.runSequentially(SuiteRunner.java:420)
	at org.testng.SuiteRunner.privateRun(SuiteRunner.java:385)
	at org.testng.SuiteRunner.run(SuiteRunner.java:334)
	at org.testng.SuiteRunnerWorker.runSuite(SuiteRunnerWorker.java:52)
	at org.testng.SuiteRunnerWorker.run(SuiteRunnerWorker.java:86)
	at org.testng.TestNG.runSuitesSequentially(TestNG.java:1318)
	at org.testng.TestNG.runSuitesLocally(TestNG.java:1243)
	at org.testng.TestNG.runSuites(TestNG.java:1161)
	at org.testng.TestNG.run(TestNG.java:1129)
	at org.testng.remote.AbstractRemoteTestNG.run(AbstractRemoteTestNG.java:114)
	at org.testng.remote.RemoteTestNG.initAndRun(RemoteTestNG.java:251)
	at org.testng.remote.RemoteTestNG.main(RemoteTestNG.java:77)
</div></td></tr></table><p class="totop"><a href="#summary">back to summary</a></p>
<h3 id="m1">de.letsbulidacompiler.compiler.CompilerTest#compilingCode_throwsUndeclaredVariableException_ifReadingUndefinedVariable</h3><table class="result"><tr><th>Expected Exception</th></tr><tr><td><div class="stacktrace">de.letsbulidacompiler.compiler.exceptions.UndeclaredVariableException: 1:8 undeclared variable &lt;x&gt;
	at de.letsbuildacompiler.compiler.MyVisitor.requireVariableIndex(MyVisitor.java:296)
	at de.letsbuildacompiler.compiler.MyVisitor.visitVariable(MyVisitor.java:117)
	at de.letsbuildacompiler.compiler.MyVisitor.visitVariable(MyVisitor.java:1)
	at de.letsbuildacompiler.parser.DemoParser$VariableContext.accept(DemoParser.java:442)
	at org.antlr.v4.runtime.tree.AbstractParseTreeVisitor.visit(AbstractParseTreeVisitor.java:18)
	at de.letsbuildacompiler.compiler.MyVisitor.visitPrintln(MyVisitor.java:52)
	at de.letsbuildacompiler.compiler.MyVisitor.visitPrintln(MyVisitor.java:1)
	at de.letsbuildacompiler.parser.DemoParser$PrintlnContext.accept(DemoParser.java:836)
	at org.antlr.v4.runtime.tree.AbstractParseTreeVisitor.visitChildren(AbstractParseTreeVisitor.java:46)
	at de.letsbuildacompiler.parser.DemoBaseVisitor.visitStatement(DemoBaseVisitor.java:41)
	at de.letsbuildacompiler.parser.DemoParser$StatementContext.accept(DemoParser.java:235)
	at org.antlr.v4.runtime.tree.AbstractParseTreeVisitor.visitChildren(AbstractParseTreeVisitor.java:46)
	at de.letsbuildacompiler.parser.DemoBaseVisitor.visitMainStatement(DemoBaseVisitor.java:27)
	at de.letsbuildacompiler.parser.DemoParser$MainStatementContext.accept(DemoParser.java:164)
	at org.antlr.v4.runtime.tree.AbstractParseTreeVisitor.visit(AbstractParseTreeVisitor.java:18)
	at de.letsbuildacompiler.compiler.MyVisitor.visitProgram(MyVisitor.java:275)
	at de.letsbuildacompiler.compiler.MyVisitor.visitProgram(MyVisitor.java:1)
	at de.letsbuildacompiler.parser.DemoParser$ProgramContext.accept(DemoParser.java:107)
	at org.antlr.v4.runtime.tree.AbstractParseTreeVisitor.visit(AbstractParseTreeVisitor.java:18)
	at de.letsbuildacompiler.compiler.Main.compile(Main.java:35)
	at de.letsbulidacompiler.compiler.CompilerTest.compileAndRun(CompilerTest.java:234)
	at de.letsbulidacompiler.compiler.CompilerTest.compilingCode_throwsUndeclaredVariableException_ifReadingUndefinedVariable(CompilerTest.java:67)
	at sun.reflect.NativeMethodAccessorImpl.invoke0(Native Method)
	at sun.reflect.NativeMethodAccessorImpl.invoke(NativeMethodAccessorImpl.java:62)
	at sun.reflect.DelegatingMethodAccessorImpl.invoke(DelegatingMethodAccessorImpl.java:43)
	at java.lang.reflect.Method.invoke(Method.java:498)
	at org.testng.internal.MethodInvocationHelper.invokeMethod(MethodInvocationHelper.java:108)
	at org.testng.internal.Invoker.invokeMethod(Invoker.java:669)
	at org.testng.internal.Invoker.invokeTestMethod(Invoker.java:877)
	at org.testng.internal.Invoker.invokeTestMethods(Invoker.java:1201)
	at org.testng.internal.TestMethodWorker.invokeTestMethods(TestMethodWorker.java:125)
	at org.testng.internal.TestMethodWorker.run(TestMethodWorker.java:109)
	at org.testng.TestRunner.privateRun(TestRunner.java:776)
	at org.testng.TestRunner.run(TestRunner.java:634)
	at org.testng.SuiteRunner.runTest(SuiteRunner.java:425)
	at org.testng.SuiteRunner.runSequentially(SuiteRunner.java:420)
	at org.testng.SuiteRunner.privateRun(SuiteRunner.java:385)
	at org.testng.SuiteRunner.run(SuiteRunner.java:334)
	at org.testng.SuiteRunnerWorker.runSuite(SuiteRunnerWorker.java:52)
	at org.testng.SuiteRunnerWorker.run(SuiteRunnerWorker.java:86)
	at org.testng.TestNG.runSuitesSequentially(TestNG.java:1318)
	at org.testng.TestNG.runSuitesLocally(TestNG.java:1243)
	at org.testng.TestNG.runSuites(TestNG.java:1161)
	at org.testng.TestNG.run(TestNG.java:1129)
	at org.testng.remote.AbstractRemoteTestNG.run(AbstractRemoteTestNG.java:114)
	at org.testng.remote.RemoteTestNG.initAndRun(RemoteTestNG.java:251)
	at org.testng.remote.RemoteTestNG.main(RemoteTestNG.java:77)
</div></td></tr></table><p class="totop"><a href="#summary">back to summary</a></p>
<h3 id="m2">de.letsbulidacompiler.compiler.CompilerTest#compilingCode_throwsUndeclaredVariableException_ifWrintingUndefinedVariable</h3><table class="result"><tr><th>Expected Exception</th></tr><tr><td><div class="stacktrace">de.letsbulidacompiler.compiler.exceptions.UndeclaredVariableException: 1:0 undeclared variable &lt;x&gt;
	at de.letsbuildacompiler.compiler.MyVisitor.requireVariableIndex(MyVisitor.java:296)
	at de.letsbuildacompiler.compiler.MyVisitor.visitAssignment(MyVisitor.java:238)
	at de.letsbuildacompiler.compiler.MyVisitor.visitAssignment(MyVisitor.java:1)
	at de.letsbuildacompiler.parser.DemoParser$AssignmentContext.accept(DemoParser.java:795)
	at org.antlr.v4.runtime.tree.AbstractParseTreeVisitor.visitChildren(AbstractParseTreeVisitor.java:46)
	at de.letsbuildacompiler.parser.DemoBaseVisitor.visitStatement(DemoBaseVisitor.java:41)
	at de.letsbuildacompiler.parser.DemoParser$StatementContext.accept(DemoParser.java:235)
	at org.antlr.v4.runtime.tree.AbstractParseTreeVisitor.visitChildren(AbstractParseTreeVisitor.java:46)
	at de.letsbuildacompiler.parser.DemoBaseVisitor.visitMainStatement(DemoBaseVisitor.java:27)
	at de.letsbuildacompiler.parser.DemoParser$MainStatementContext.accept(DemoParser.java:164)
	at org.antlr.v4.runtime.tree.AbstractParseTreeVisitor.visit(AbstractParseTreeVisitor.java:18)
	at de.letsbuildacompiler.compiler.MyVisitor.visitProgram(MyVisitor.java:275)
	at de.letsbuildacompiler.compiler.MyVisitor.visitProgram(MyVisitor.java:1)
	at de.letsbuildacompiler.parser.DemoParser$ProgramContext.accept(DemoParser.java:107)
	at org.antlr.v4.runtime.tree.AbstractParseTreeVisitor.visit(AbstractParseTreeVisitor.java:18)
	at de.letsbuildacompiler.compiler.Main.compile(Main.java:35)
	at de.letsbulidacompiler.compiler.CompilerTest.compileAndRun(CompilerTest.java:234)
	at de.letsbulidacompiler.compiler.CompilerTest.compilingCode_throwsUndeclaredVariableException_ifWrintingUndefinedVariable(CompilerTest.java:76)
	at sun.reflect.NativeMethodAccessorImpl.invoke0(Native Method)
	at sun.reflect.NativeMethodAccessorImpl.invoke(NativeMethodAccessorImpl.java:62)
	at sun.reflect.DelegatingMethodAccessorImpl.invoke(DelegatingMethodAccessorImpl.java:43)
	at java.lang.reflect.Method.invoke(Method.java:498)
	at org.testng.internal.MethodInvocationHelper.invokeMethod(MethodInvocationHelper.java:108)
	at org.testng.internal.Invoker.invokeMethod(Invoker.java:669)
	at org.testng.internal.Invoker.invokeTestMethod(Invoker.java:877)
	at org.testng.internal.Invoker.invokeTestMethods(Invoker.java:1201)
	at org.testng.internal.TestMethodWorker.invokeTestMethods(TestMethodWorker.java:125)
	at org.testng.internal.TestMethodWorker.run(TestMethodWorker.java:109)
	at org.testng.TestRunner.privateRun(TestRunner.java:776)
	at org.testng.TestRunner.run(TestRunner.java:634)
	at org.testng.SuiteRunner.runTest(SuiteRunner.java:425)
	at org.testng.SuiteRunner.runSequentially(SuiteRunner.java:420)
	at org.testng.SuiteRunner.privateRun(SuiteRunner.java:385)
	at org.testng.SuiteRunner.run(SuiteRunner.java:334)
	at org.testng.SuiteRunnerWorker.runSuite(SuiteRunnerWorker.java:52)
	at org.testng.SuiteRunnerWorker.run(SuiteRunnerWorker.java:86)
	at org.testng.TestNG.runSuitesSequentially(TestNG.java:1318)
	at org.testng.TestNG.runSuitesLocally(TestNG.java:1243)
	at org.testng.TestNG.runSuites(TestNG.java:1161)
	at org.testng.TestNG.run(TestNG.java:1129)
	at org.testng.remote.AbstractRemoteTestNG.run(AbstractRemoteTestNG.java:114)
	at org.testng.remote.RemoteTestNG.initAndRun(RemoteTestNG.java:251)
	at org.testng.remote.RemoteTestNG.main(RemoteTestNG.java:77)
</div></td></tr></table><p class="totop"><a href="#summary">back to summary</a></p>
<h3 id="m3">de.letsbulidacompiler.compiler.CompilerTest#compilingCode_throwsUndefinedFunctionException_whenCallingUndefinedFunction</h3><table class="result"><tr><th>Expected Exception</th></tr><tr><td><div class="stacktrace">de.letsbulidacompiler.compiler.exceptions.UndefinedFunctionException: 1:8 call to undefined function: &lt;someUndefinedFunction&gt;
	at de.letsbuildacompiler.compiler.MyVisitor.visitFunctionCall(MyVisitor.java:153)
	at de.letsbuildacompiler.compiler.MyVisitor.visitFunctionCall(MyVisitor.java:1)
	at de.letsbuildacompiler.parser.DemoParser$FunctionCallContext.accept(DemoParser.java:1071)
	at org.antlr.v4.runtime.tree.AbstractParseTreeVisitor.visitChildren(AbstractParseTreeVisitor.java:46)
	at de.letsbuildacompiler.parser.DemoBaseVisitor.visitFuncCallExpression(DemoBaseVisitor.java:125)
	at de.letsbuildacompiler.parser.DemoParser$FuncCallExpressionContext.accept(DemoParser.java:560)
	at org.antlr.v4.runtime.tree.AbstractParseTreeVisitor.visit(AbstractParseTreeVisitor.java:18)
	at de.letsbuildacompiler.compiler.MyVisitor.visitPrintln(MyVisitor.java:52)
	at de.letsbuildacompiler.compiler.MyVisitor.visitPrintln(MyVisitor.java:1)
	at de.letsbuildacompiler.parser.DemoParser$PrintlnContext.accept(DemoParser.java:836)
	at org.antlr.v4.runtime.tree.AbstractParseTreeVisitor.visitChildren(AbstractParseTreeVisitor.java:46)
	at de.letsbuildacompiler.parser.DemoBaseVisitor.visitStatement(DemoBaseVisitor.java:41)
	at de.letsbuildacompiler.parser.DemoParser$StatementContext.accept(DemoParser.java:235)
	at org.antlr.v4.runtime.tree.AbstractParseTreeVisitor.visitChildren(AbstractParseTreeVisitor.java:46)
	at de.letsbuildacompiler.parser.DemoBaseVisitor.visitMainStatement(DemoBaseVisitor.java:27)
	at de.letsbuildacompiler.parser.DemoParser$MainStatementContext.accept(DemoParser.java:164)
	at org.antlr.v4.runtime.tree.AbstractParseTreeVisitor.visit(AbstractParseTreeVisitor.java:18)
	at de.letsbuildacompiler.compiler.MyVisitor.visitProgram(MyVisitor.java:275)
	at de.letsbuildacompiler.compiler.MyVisitor.visitProgram(MyVisitor.java:1)
	at de.letsbuildacompiler.parser.DemoParser$ProgramContext.accept(DemoParser.java:107)
	at org.antlr.v4.runtime.tree.AbstractParseTreeVisitor.visit(AbstractParseTreeVisitor.java:18)
	at de.letsbuildacompiler.compiler.Main.compile(Main.java:35)
	at de.letsbulidacompiler.compiler.CompilerTest.compileAndRun(CompilerTest.java:234)
	at de.letsbulidacompiler.compiler.CompilerTest.compilingCode_throwsUndefinedFunctionException_whenCallingUndefinedFunction(CompilerTest.java:95)
	at sun.reflect.NativeMethodAccessorImpl.invoke0(Native Method)
	at sun.reflect.NativeMethodAccessorImpl.invoke(NativeMethodAccessorImpl.java:62)
	at sun.reflect.DelegatingMethodAccessorImpl.invoke(DelegatingMethodAccessorImpl.java:43)
	at java.lang.reflect.Method.invoke(Method.java:498)
	at org.testng.internal.MethodInvocationHelper.invokeMethod(MethodInvocationHelper.java:108)
	at org.testng.internal.Invoker.invokeMethod(Invoker.java:669)
	at org.testng.internal.Invoker.invokeTestMethod(Invoker.java:877)
	at org.testng.internal.Invoker.invokeTestMethods(Invoker.java:1201)
	at org.testng.internal.TestMethodWorker.invokeTestMethods(TestMethodWorker.java:125)
	at org.testng.internal.TestMethodWorker.run(TestMethodWorker.java:109)
	at org.testng.TestRunner.privateRun(TestRunner.java:776)
	at org.testng.TestRunner.run(TestRunner.java:634)
	at org.testng.SuiteRunner.runTest(SuiteRunner.java:425)
	at org.testng.SuiteRunner.runSequentially(SuiteRunner.java:420)
	at org.testng.SuiteRunner.privateRun(SuiteRunner.java:385)
	at org.testng.SuiteRunner.run(SuiteRunner.java:334)
	at org.testng.SuiteRunnerWorker.runSuite(SuiteRunnerWorker.java:52)
	at org.testng.SuiteRunnerWorker.run(SuiteRunnerWorker.java:86)
	at org.testng.TestNG.runSuitesSequentially(TestNG.java:1318)
	at org.testng.TestNG.runSuitesLocally(TestNG.java:1243)
	at org.testng.TestNG.runSuites(TestNG.java:1161)
	at org.testng.TestNG.run(TestNG.java:1129)
	at org.testng.remote.AbstractRemoteTestNG.run(AbstractRemoteTestNG.java:114)
	at org.testng.remote.RemoteTestNG.initAndRun(RemoteTestNG.java:251)
	at org.testng.remote.RemoteTestNG.main(RemoteTestNG.java:77)
</div></td></tr></table><p class="totop"><a href="#summary">back to summary</a></p>
<h3 id="m4">de.letsbulidacompiler.compiler.CompilerTest#compilingCode_throwsVariableAlreadyDefinedException_whenDefiningAlreadyDefinedVariable</h3><table class="result"><tr><th>Expected Exception</th></tr><tr><td><div class="stacktrace">de.letsbulidacompiler.compiler.exceptions.VariableAlreadyDefinedException: 2:4 variable already defined: &lt;x&gt;
	at de.letsbuildacompiler.compiler.MyVisitor.visitVarDeclaration(MyVisitor.java:229)
	at de.letsbuildacompiler.compiler.MyVisitor.visitVarDeclaration(MyVisitor.java:1)
	at de.letsbuildacompiler.parser.DemoParser$VarDeclarationContext.accept(DemoParser.java:754)
	at org.antlr.v4.runtime.tree.AbstractParseTreeVisitor.visitChildren(AbstractParseTreeVisitor.java:46)
	at de.letsbuildacompiler.parser.DemoBaseVisitor.visitStatement(DemoBaseVisitor.java:41)
	at de.letsbuildacompiler.parser.DemoParser$StatementContext.accept(DemoParser.java:235)
	at org.antlr.v4.runtime.tree.AbstractParseTreeVisitor.visitChildren(AbstractParseTreeVisitor.java:46)
	at de.letsbuildacompiler.parser.DemoBaseVisitor.visitMainStatement(DemoBaseVisitor.java:27)
	at de.letsbuildacompiler.parser.DemoParser$MainStatementContext.accept(DemoParser.java:164)
	at org.antlr.v4.runtime.tree.AbstractParseTreeVisitor.visit(AbstractParseTreeVisitor.java:18)
	at de.letsbuildacompiler.compiler.MyVisitor.visitProgram(MyVisitor.java:275)
	at de.letsbuildacompiler.compiler.MyVisitor.visitProgram(MyVisitor.java:1)
	at de.letsbuildacompiler.parser.DemoParser$ProgramContext.accept(DemoParser.java:107)
	at org.antlr.v4.runtime.tree.AbstractParseTreeVisitor.visit(AbstractParseTreeVisitor.java:18)
	at de.letsbuildacompiler.compiler.Main.compile(Main.java:35)
	at de.letsbulidacompiler.compiler.CompilerTest.compileAndRun(CompilerTest.java:234)
	at de.letsbulidacompiler.compiler.CompilerTest.compilingCode_throwsVariableAlreadyDefinedException_whenDefiningAlreadyDefinedVariable(CompilerTest.java:85)
	at sun.reflect.NativeMethodAccessorImpl.invoke0(Native Method)
	at sun.reflect.NativeMethodAccessorImpl.invoke(NativeMethodAccessorImpl.java:62)
	at sun.reflect.DelegatingMethodAccessorImpl.invoke(DelegatingMethodAccessorImpl.java:43)
	at java.lang.reflect.Method.invoke(Method.java:498)
	at org.testng.internal.MethodInvocationHelper.invokeMethod(MethodInvocationHelper.java:108)
	at org.testng.internal.Invoker.invokeMethod(Invoker.java:669)
	at org.testng.internal.Invoker.invokeTestMethod(Invoker.java:877)
	at org.testng.internal.Invoker.invokeTestMethods(Invoker.java:1201)
	at org.testng.internal.TestMethodWorker.invokeTestMethods(TestMethodWorker.java:125)
	at org.testng.internal.TestMethodWorker.run(TestMethodWorker.java:109)
	at org.testng.TestRunner.privateRun(TestRunner.java:776)
	at org.testng.TestRunner.run(TestRunner.java:634)
	at org.testng.SuiteRunner.runTest(SuiteRunner.java:425)
	at org.testng.SuiteRunner.runSequentially(SuiteRunner.java:420)
	at org.testng.SuiteRunner.privateRun(SuiteRunner.java:385)
	at org.testng.SuiteRunner.run(SuiteRunner.java:334)
	at org.testng.SuiteRunnerWorker.runSuite(SuiteRunnerWorker.java:52)
	at org.testng.SuiteRunnerWorker.run(SuiteRunnerWorker.java:86)
	at org.testng.TestNG.runSuitesSequentially(TestNG.java:1318)
	at org.testng.TestNG.runSuitesLocally(TestNG.java:1243)
	at org.testng.TestNG.runSuites(TestNG.java:1161)
	at org.testng.TestNG.run(TestNG.java:1129)
	at org.testng.remote.AbstractRemoteTestNG.run(AbstractRemoteTestNG.java:114)
	at org.testng.remote.RemoteTestNG.initAndRun(RemoteTestNG.java:251)
	at org.testng.remote.RemoteTestNG.main(RemoteTestNG.java:77)
</div></td></tr></table><p class="totop"><a href="#summary">back to summary</a></p>
<h3 id="m5">de.letsbulidacompiler.compiler.CompilerTest#runningCode_outputExpectedText</h3><table class="result"><tr class="param"><th>Parameter #1</th><th>Parameter #2</th><th>Parameter #3</th></tr><tr class="param stripe"><td>lower than false</td><td>println(2 &lt; 2);</td><td>0
</td></tr></table><p class="totop"><a href="#summary">back to summary</a></p>
<h3 id="m6">de.letsbulidacompiler.compiler.CompilerTest#runningCode_outputExpectedText</h3><table class="result"><tr class="param"><th>Parameter #1</th><th>Parameter #2</th><th>Parameter #3</th></tr><tr class="param stripe"><td>and true</td><td>println(1 &amp;&amp; 1);</td><td>1
</td></tr></table><p class="totop"><a href="#summary">back to summary</a></p>
<h3 id="m7">de.letsbulidacompiler.compiler.CompilerTest#runningCode_outputExpectedText</h3><table class="result"><tr class="param"><th>Parameter #1</th><th>Parameter #2</th><th>Parameter #3</th></tr><tr class="param stripe"><td>operators/and-skip-right</td><td>int x(int i) {
	println(i);
	return i;
}
println(x(0) &amp;&amp; x(0));</td><td>0
0
</td></tr></table><p class="totop"><a href="#summary">back to summary</a></p>
<h3 id="m8">de.letsbulidacompiler.compiler.CompilerTest#runningCode_outputExpectedText</h3><table class="result"><tr class="param"><th>Parameter #1</th><th>Parameter #2</th><th>Parameter #3</th></tr><tr class="param stripe"><td>precedence plus and times</td><td>println(2+3*3);</td><td>11
</td></tr></table><p class="totop"><a href="#summary">back to summary</a></p>
<h3 id="m9">de.letsbulidacompiler.compiler.CompilerTest#runningCode_outputExpectedText</h3><table class="result"><tr class="param"><th>Parameter #1</th><th>Parameter #2</th><th>Parameter #3</th></tr><tr class="param stripe"><td>lower than or equal true</td><td>println(2 &lt;= 2);</td><td>1
</td></tr></table><p class="totop"><a href="#summary">back to summary</a></p>
<h3 id="m10">de.letsbulidacompiler.compiler.CompilerTest#runningCode_outputExpectedText</h3><table class="result"><tr class="param"><th>Parameter #1</th><th>Parameter #2</th><th>Parameter #3</th></tr><tr class="param stripe"><td>precedence minus and plus</td><td>println(8-2+5);</td><td>11
</td></tr></table><p class="totop"><a href="#summary">back to summary</a></p>
<h3 id="m11">de.letsbulidacompiler.compiler.CompilerTest#runningCode_outputExpectedText</h3><table class="result"><tr class="param"><th>Parameter #1</th><th>Parameter #2</th><th>Parameter #3</th></tr><tr class="param stripe"><td>or false</td><td>println(0 || 0);</td><td>0
</td></tr></table><p class="totop"><a href="#summary">back to summary</a></p>
<h3 id="m12">de.letsbulidacompiler.compiler.CompilerTest#runningCode_outputExpectedText</h3><table class="result"><tr class="param"><th>Parameter #1</th><th>Parameter #2</th><th>Parameter #3</th></tr><tr class="param stripe"><td>add two vars parameter</td><td>int a; int b; a = 2; b = 5; println(a+b);</td><td>7
</td></tr></table><p class="totop"><a href="#summary">back to summary</a></p>
<h3 id="m13">de.letsbulidacompiler.compiler.CompilerTest#runningCode_outputExpectedText</h3><table class="result"><tr class="param"><th>Parameter #1</th><th>Parameter #2</th><th>Parameter #3</th></tr><tr class="param stripe"><td>or left true</td><td>println(1 || 0);</td><td>1
</td></tr></table><p class="totop"><a href="#summary">back to summary</a></p>
<h3 id="m14">de.letsbulidacompiler.compiler.CompilerTest#runningCode_outputExpectedText</h3><table class="result"><tr class="param"><th>Parameter #1</th><th>Parameter #2</th><th>Parameter #3</th></tr><tr class="param stripe"><td>branch/if_int_true</td><td>if (1) {
  println(81);
} else {
  println(42);
}</td><td>81
</td></tr></table><p class="totop"><a href="#summary">back to summary</a></p>
<h3 id="m15">de.letsbulidacompiler.compiler.CompilerTest#runningCode_outputExpectedText</h3><table class="result"><tr class="param"><th>Parameter #1</th><th>Parameter #2</th><th>Parameter #3</th></tr><tr class="param stripe"><td>or right true</td><td>println(0 || 1);</td><td>1
</td></tr></table><p class="totop"><a href="#summary">back to summary</a></p>
<h3 id="m16">de.letsbulidacompiler.compiler.CompilerTest#runningCode_outputExpectedText</h3><table class="result"><tr class="param"><th>Parameter #1</th><th>Parameter #2</th><th>Parameter #3</th></tr><tr class="param stripe"><td>times</td><td>println(2*3);</td><td>6
</td></tr></table><p class="totop"><a href="#summary">back to summary</a></p>
<h3 id="m17">de.letsbulidacompiler.compiler.CompilerTest#runningCode_outputExpectedText</h3><table class="result"><tr class="param"><th>Parameter #1</th><th>Parameter #2</th><th>Parameter #3</th></tr><tr class="param stripe"><td>and left false</td><td>println(0 &amp;&amp; 1);</td><td>0
</td></tr></table><p class="totop"><a href="#summary">back to summary</a></p>
<h3 id="m18">de.letsbulidacompiler.compiler.CompilerTest#runningCode_outputExpectedText</h3><table class="result"><tr class="param"><th>Parameter #1</th><th>Parameter #2</th><th>Parameter #3</th></tr><tr class="param stripe"><td>greater than true</td><td>println(3 &gt; 2);</td><td>1
</td></tr></table><p class="totop"><a href="#summary">back to summary</a></p>
<h3 id="m19">de.letsbulidacompiler.compiler.CompilerTest#runningCode_outputExpectedText</h3><table class="result"><tr class="param"><th>Parameter #1</th><th>Parameter #2</th><th>Parameter #3</th></tr><tr class="param stripe"><td>lower than true</td><td>println(1 &lt; 2);</td><td>1
</td></tr></table><p class="totop"><a href="#summary">back to summary</a></p>
<h3 id="m20">de.letsbulidacompiler.compiler.CompilerTest#runningCode_outputExpectedText</h3><table class="result"><tr class="param"><th>Parameter #1</th><th>Parameter #2</th><th>Parameter #3</th></tr><tr class="param stripe"><td>add var and constant parameter</td><td>int foo; foo = 42; println(foo+2);</td><td>44
</td></tr></table><p class="totop"><a href="#summary">back to summary</a></p>
<h3 id="m21">de.letsbulidacompiler.compiler.CompilerTest#runningCode_outputExpectedText</h3><table class="result"><tr class="param"><th>Parameter #1</th><th>Parameter #2</th><th>Parameter #3</th></tr><tr class="param stripe"><td>multiple statements</td><td>println(1); println(2);</td><td>1
2
</td></tr></table><p class="totop"><a href="#summary">back to summary</a></p>
<h3 id="m22">de.letsbulidacompiler.compiler.CompilerTest#runningCode_outputExpectedText</h3><table class="result"><tr class="param"><th>Parameter #1</th><th>Parameter #2</th><th>Parameter #3</th></tr><tr class="param stripe"><td>function/overloading</td><td>int x() { return 0; }
int x(int a) { return a; }
println(x());
println(x(42));</td><td>0
42
</td></tr></table><p class="totop"><a href="#summary">back to summary</a></p>
<h3 id="m23">de.letsbulidacompiler.compiler.CompilerTest#runningCode_outputExpectedText</h3><table class="result"><tr class="param"><th>Parameter #1</th><th>Parameter #2</th><th>Parameter #3</th></tr><tr class="param stripe"><td>precedence minus and times</td><td>println(9-2*3);</td><td>3
</td></tr></table><p class="totop"><a href="#summary">back to summary</a></p>
<h3 id="m24">de.letsbulidacompiler.compiler.CompilerTest#runningCode_outputExpectedText</h3><table class="result"><tr class="param"><th>Parameter #1</th><th>Parameter #2</th><th>Parameter #3</th></tr><tr class="param stripe"><td>plus</td><td>println(1+2);</td><td>3
</td></tr></table><p class="totop"><a href="#summary">back to summary</a></p>
<h3 id="m25">de.letsbulidacompiler.compiler.CompilerTest#runningCode_outputExpectedText</h3><table class="result"><tr class="param"><th>Parameter #1</th><th>Parameter #2</th><th>Parameter #3</th></tr><tr class="param stripe"><td>return only function</td><td>int randomNumber() { return 4; } println(randomNumber());</td><td>4
</td></tr></table><p class="totop"><a href="#summary">back to summary</a></p>
<h3 id="m26">de.letsbulidacompiler.compiler.CompilerTest#runningCode_outputExpectedText</h3><table class="result"><tr class="param"><th>Parameter #1</th><th>Parameter #2</th><th>Parameter #3</th></tr><tr class="param stripe"><td>lower than or equal false</td><td>println(3 &lt;= 2);</td><td>0
</td></tr></table><p class="totop"><a href="#summary">back to summary</a></p>
<h3 id="m27">de.letsbulidacompiler.compiler.CompilerTest#runningCode_outputExpectedText</h3><table class="result"><tr class="param"><th>Parameter #1</th><th>Parameter #2</th><th>Parameter #3</th></tr><tr class="param stripe"><td>operators/or-skip-right</td><td>int x(int i) {
	println(i);
	return i;
}
println(x(1) || x(0));</td><td>1
1
</td></tr></table><p class="totop"><a href="#summary">back to summary</a></p>
<h3 id="m28">de.letsbulidacompiler.compiler.CompilerTest#runningCode_outputExpectedText</h3><table class="result"><tr class="param"><th>Parameter #1</th><th>Parameter #2</th><th>Parameter #3</th></tr><tr class="param stripe"><td>divide</td><td>println(6/2);</td><td>3
</td></tr></table><p class="totop"><a href="#summary">back to summary</a></p>
<h3 id="m29">de.letsbulidacompiler.compiler.CompilerTest#runningCode_outputExpectedText</h3><table class="result"><tr class="param"><th>Parameter #1</th><th>Parameter #2</th><th>Parameter #3</th></tr><tr class="param stripe"><td>int variable</td><td>int foo; foo = 42; println(foo);</td><td>42
</td></tr></table><p class="totop"><a href="#summary">back to summary</a></p>
<h3 id="m30">de.letsbulidacompiler.compiler.CompilerTest#runningCode_outputExpectedText</h3><table class="result"><tr class="param"><th>Parameter #1</th><th>Parameter #2</th><th>Parameter #3</th></tr><tr class="param stripe"><td>function/scopes</td><td>int randomNumber() {
  int i;
  i = 4;
  return i;
}
int i;
i = 42;
println(randomNumber());
println(i);</td><td>4
42
</td></tr></table><p class="totop"><a href="#summary">back to summary</a></p>
<h3 id="m31">de.letsbulidacompiler.compiler.CompilerTest#runningCode_outputExpectedText</h3><table class="result"><tr class="param"><th>Parameter #1</th><th>Parameter #2</th><th>Parameter #3</th></tr><tr class="param stripe"><td>function/int_parameters</td><td>int add(int a, int b) {
  return a+b;
}
println(add(5,8));</td><td>13
</td></tr></table><p class="totop"><a href="#summary">back to summary</a></p>
<h3 id="m32">de.letsbulidacompiler.compiler.CompilerTest#runningCode_outputExpectedText</h3><table class="result"><tr class="param"><th>Parameter #1</th><th>Parameter #2</th><th>Parameter #3</th></tr><tr class="param stripe"><td>greater than or equal true</td><td>println(2 &gt;= 2);</td><td>1
</td></tr></table><p class="totop"><a href="#summary">back to summary</a></p>
<h3 id="m33">de.letsbulidacompiler.compiler.CompilerTest#runningCode_outputExpectedText</h3><table class="result"><tr class="param"><th>Parameter #1</th><th>Parameter #2</th><th>Parameter #3</th></tr><tr class="param stripe"><td>greater than or equal false</td><td>println(1 &gt;= 2);</td><td>0
</td></tr></table><p class="totop"><a href="#summary">back to summary</a></p>
<h3 id="m34">de.letsbulidacompiler.compiler.CompilerTest#runningCode_outputExpectedText</h3><table class="result"><tr class="param"><th>Parameter #1</th><th>Parameter #2</th><th>Parameter #3</th></tr><tr class="param stripe"><td>branch/if_int_false</td><td>if (0) {
  println(81);
} else {
  println(42);
}</td><td>42
</td></tr></table><p class="totop"><a href="#summary">back to summary</a></p>
<h3 id="m35">de.letsbulidacompiler.compiler.CompilerTest#runningCode_outputExpectedText</h3><table class="result"><tr class="param"><th>Parameter #1</th><th>Parameter #2</th><th>Parameter #3</th></tr><tr class="param stripe"><td>minus</td><td>println(3-2);</td><td>1
</td></tr></table><p class="totop"><a href="#summary">back to summary</a></p>
<h3 id="m36">de.letsbulidacompiler.compiler.CompilerTest#runningCode_outputExpectedText</h3><table class="result"><tr class="param"><th>Parameter #1</th><th>Parameter #2</th><th>Parameter #3</th></tr><tr class="param stripe"><td>chained plus</td><td>println(1+2+42);</td><td>45
</td></tr></table><p class="totop"><a href="#summary">back to summary</a></p>
<h3 id="m37">de.letsbulidacompiler.compiler.CompilerTest#runningCode_outputExpectedText</h3><table class="result"><tr class="param"><th>Parameter #1</th><th>Parameter #2</th><th>Parameter #3</th></tr><tr class="param stripe"><td>divide and truncate</td><td>println(7/2);</td><td>3
</td></tr></table><p class="totop"><a href="#summary">back to summary</a></p>
<h3 id="m38">de.letsbulidacompiler.compiler.CompilerTest#runningCode_outputExpectedText</h3><table class="result"><tr class="param"><th>Parameter #1</th><th>Parameter #2</th><th>Parameter #3</th></tr><tr class="param stripe"><td>and right false</td><td>println(1 &amp;&amp; 0);</td><td>0
</td></tr></table><p class="totop"><a href="#summary">back to summary</a></p>
<h3 id="m39">de.letsbulidacompiler.compiler.CompilerTest#runningCode_outputExpectedText</h3><table class="result"><tr class="param"><th>Parameter #1</th><th>Parameter #2</th><th>Parameter #3</th></tr><tr class="param stripe"><td>greater than false</td><td>println(2 &gt; 2);</td><td>0
</td></tr></table><p class="totop"><a href="#summary">back to summary</a></p>
<h3 id="m40">de.letsbulidacompiler.compiler.CompilerTest#runningCode_outputExpectedText</h3><table class="result"><tr class="param"><th>Parameter #1</th><th>Parameter #2</th><th>Parameter #3</th></tr><tr class="param stripe"><td>precedence times and divide</td><td>println(8/2*4);</td><td>16
</td></tr></table><p class="totop"><a href="#summary">back to summary</a></p>
<h3 id="m41">de.letsbulidacompiler.compiler.CompilerTest#runningCode_outputExpectedText</h3><table class="result"><tr class="param"><th>Parameter #1</th><th>Parameter #2</th><th>Parameter #3</th></tr><tr class="param stripe"><td>function/simple_function</td><td>int randomNumber() {
  int i;
  i = 4;
  return i;
}
println(randomNumber());</td><td>4
</td></tr></table><p class="totop"><a href="#summary">back to summary</a></p>
</body>
</html>
