<html>
<head>
<title>TestNG:  Default test</title>
<link href="../testng.css" rel="stylesheet" type="text/css" />
<link href="../my-testng.css" rel="stylesheet" type="text/css" />

<style type="text/css">
.log { display: none;} 
.stack-trace { display: none;} 
</style>
<script type="text/javascript">
<!--
function flip(e) {
  current = e.style.display;
  if (current == 'block') {
    e.style.display = 'none';
    return 0;
  }
  else {
    e.style.display = 'block';
    return 1;
  }
}

function toggleBox(szDivId, elem, msg1, msg2)
{
  var res = -1;  if (document.getElementById) {
    res = flip(document.getElementById(szDivId));
  }
  else if (document.all) {
    // this is the way old msie versions work
    res = flip(document.all[szDivId]);
  }
  if(elem) {
    if(res == 0) elem.innerHTML = msg1; else elem.innerHTML = msg2;
  }

}

function toggleAllBoxes() {
  if (document.getElementsByTagName) {
    d = document.getElementsByTagName('div');
    for (i = 0; i < d.length; i++) {
      if (d[i].className == 'log') {
        flip(d[i]);
      }
    }
  }
}

// -->
</script>

</head>
<body>
<h2 align='center'>Default test</h2><table border='1' align="center">
<tr>
<td>Tests passed/Failed/Skipped:</td><td>34/0/0</td>
</tr><tr>
<td>Started on:</td><td>Mon Oct 16 20:17:57 BRST 2017</td>
</tr>
<tr><td>Total time:</td><td>2 seconds (2112 ms)</td>
</tr><tr>
<td>Included groups:</td><td></td>
</tr><tr>
<td>Excluded groups:</td><td></td>
</tr>
</table><p/>
<small><i>(Hover the method name to see the test class name)</i></small><p/>
<table width='100%' border='1' class='invocation-passed'>
<tr><td colspan='4' align='center'><b>PASSED TESTS</b></td></tr>
<tr><td><b>Test method</b></td>
<td width="30%"><b>Exception</b></td>
<td width="10%"><b>Time (seconds)</b></td>
<td><b>Instance</b></td>
</tr>
<tr>
<td title='de.letsbulidacompiler.compiler.CompilerTest.compilingCode_throwsFunctionAlreadyDefinedException_whenDefiningFunctionTwice()'><b>compilingCode_throwsFunctionAlreadyDefinedException_whenDefiningFunctionTwice</b><br>Test class: de.letsbulidacompiler.compiler.CompilerTest</td>
<td><div><pre>de.letsbulidacompiler.compiler.exceptions.FunctionAlreadyDefinedException: 2:4 function already defined: &lt;x&gt;
	at de.letsbuildacompiler.compiler.FunctionDefinitionFinder$1.visitFunctionDefinition(FunctionDefinitionFinder.java:23)
	at de.letsbuildacompiler.compiler.FunctionDefinitionFinder$1.visitFunctionDefinition(FunctionDefinitionFinder.java:1)
	at de.letsbuildacompiler.parser.DemoParser$FunctionDefinitionContext.accept(DemoParser.java:828)
	at org.antlr.v4.runtime.tree.AbstractParseTreeVisitor.visitChildren(AbstractParseTreeVisitor.java:46)
	at de.letsbuildacompiler.parser.DemoBaseVisitor.visitProgPartFunctionDefinition(DemoBaseVisitor.java:34)
	at de.letsbuildacompiler.parser.DemoParser$ProgPartFunctionDefinitionContext.accept(DemoParser.java:174)
	at org.antlr.v4.runtime.tree.AbstractParseTreeVisitor.visitChildren(AbstractParseTreeVisitor.java:46)
	at de.letsbuildacompiler.parser.DemoBaseVisitor.visitProgram(DemoBaseVisitor.java:20)
	at de.letsbuildacompiler.parser.DemoParser$ProgramContext.accept(DemoParser.java:106)
	at org.antlr.v4.runtime.tree.AbstractParseTreeVisitor.visit(AbstractParseTreeVisitor.java:18)
	at de.letsbuildacompiler.compiler.FunctionDefinitionFinder.findFunctions(FunctionDefinitionFinder.java:28)
	at de.letsbuildacompiler.compiler.Main.compile(Main.java:34)
	at de.letsbulidacompiler.compiler.CompilerTest.compileAndRun(CompilerTest.java:219)
	at de.letsbulidacompiler.compiler.CompilerTest.compilingCode_throwsFunctionAlreadyDefinedException_whenDefiningFunctionTwice(CompilerTest.java:104)
	at sun.reflect.NativeMethodAccessorImpl.invoke0(Native Method)
	at sun.reflect.NativeMethodAccessorImpl.invoke(NativeMethodAccessorImpl.java:62)
	at sun.reflect.DelegatingMethodAccessorImpl.invoke(DelegatingMethodAccessorImpl.java:43)
	at java.lang.reflect.Method.invoke(Method.java:498)
	at org.testng.internal.MethodInvocationHelper.invokeMethod(MethodInvocationHelper.java:108)
	at org.testng.internal.Invoker.invokeMethod(Invoker.java:669)
	at org.testng.internal.Invoker.invokeTestMethod(Invoker.java:877)
	at org.testng.internal.Invoker.invokeTestMethods(Invoker.java:1201)
	at org.testng.internal.TestMethodWorker.invokeTestMethods(TestMethodWorker.java:125)
	at org.testng.internal.TestMethodWorker.run(TestMethodWorker.java:109)
	at org.testng.TestRunner.privateRun(TestRunner.java:776)
	at org.testng.TestRunner.run(TestRunner.java:634)
	at org.testng.SuiteRunner.runTest(SuiteRunner.java:425)
	at org.testng.SuiteRunner.runSequentially(SuiteRunner.java:420)
	at org.testng.SuiteRunner.privateRun(SuiteRunner.java:385)
	at org.testng.SuiteRunner.run(SuiteRunner.java:334)
	at org.testng.SuiteRunnerWorker.runSuite(SuiteRunnerWorker.java:52)
	at org.testng.SuiteRunnerWorker.run(SuiteRunnerWorker.java:86)
	at org.testng.TestNG.runSuitesSequentially(TestNG.java:1318)
	at org.testng.TestNG.runSuitesLocally(TestNG.java:1243)
	at org.testng.TestNG.runSuites(TestNG.java:1161)
	at org.testng.TestNG.run(TestNG.java:1129)
	at org.testng.remote.AbstractRemoteTestNG.run(AbstractRemoteTestNG.java:114)
	at org.testng.remote.RemoteTestNG.initAndRun(RemoteTestNG.java:251)
	at org.testng.remote.RemoteTestNG.main(RemoteTestNG.java:77)
</pre></div><a href='#' onClick='toggleBox("stack-trace1780132728", this, "Click to show all stack frames", "Click to hide stack frames")'>Click to show all stack frames</a>
<div class='stack-trace' id='stack-trace1780132728'><pre>de.letsbulidacompiler.compiler.exceptions.FunctionAlreadyDefinedException: 2:4 function already defined: &lt;x&gt;
	at de.letsbuildacompiler.compiler.FunctionDefinitionFinder$1.visitFunctionDefinition(FunctionDefinitionFinder.java:23)
	at de.letsbuildacompiler.compiler.FunctionDefinitionFinder$1.visitFunctionDefinition(FunctionDefinitionFinder.java:1)
	at de.letsbuildacompiler.parser.DemoParser$FunctionDefinitionContext.accept(DemoParser.java:828)
	at org.antlr.v4.runtime.tree.AbstractParseTreeVisitor.visitChildren(AbstractParseTreeVisitor.java:46)
	at de.letsbuildacompiler.parser.DemoBaseVisitor.visitProgPartFunctionDefinition(DemoBaseVisitor.java:34)
	at de.letsbuildacompiler.parser.DemoParser$ProgPartFunctionDefinitionContext.accept(DemoParser.java:174)
	at org.antlr.v4.runtime.tree.AbstractParseTreeVisitor.visitChildren(AbstractParseTreeVisitor.java:46)
	at de.letsbuildacompiler.parser.DemoBaseVisitor.visitProgram(DemoBaseVisitor.java:20)
	at de.letsbuildacompiler.parser.DemoParser$ProgramContext.accept(DemoParser.java:106)
	at org.antlr.v4.runtime.tree.AbstractParseTreeVisitor.visit(AbstractParseTreeVisitor.java:18)
	at de.letsbuildacompiler.compiler.FunctionDefinitionFinder.findFunctions(FunctionDefinitionFinder.java:28)
	at de.letsbuildacompiler.compiler.Main.compile(Main.java:34)
	at de.letsbulidacompiler.compiler.CompilerTest.compileAndRun(CompilerTest.java:219)
	at de.letsbulidacompiler.compiler.CompilerTest.compilingCode_throwsFunctionAlreadyDefinedException_whenDefiningFunctionTwice(CompilerTest.java:104)
	at sun.reflect.NativeMethodAccessorImpl.invoke0(Native Method)
	at sun.reflect.NativeMethodAccessorImpl.invoke(NativeMethodAccessorImpl.java:62)
	at sun.reflect.DelegatingMethodAccessorImpl.invoke(DelegatingMethodAccessorImpl.java:43)
	at java.lang.reflect.Method.invoke(Method.java:498)
	at org.testng.internal.MethodInvocationHelper.invokeMethod(MethodInvocationHelper.java:108)
	at org.testng.internal.Invoker.invokeMethod(Invoker.java:669)
	at org.testng.internal.Invoker.invokeTestMethod(Invoker.java:877)
	at org.testng.internal.Invoker.invokeTestMethods(Invoker.java:1201)
	at org.testng.internal.TestMethodWorker.invokeTestMethods(TestMethodWorker.java:125)
	at org.testng.internal.TestMethodWorker.run(TestMethodWorker.java:109)
	at org.testng.TestRunner.privateRun(TestRunner.java:776)
	at org.testng.TestRunner.run(TestRunner.java:634)
	at org.testng.SuiteRunner.runTest(SuiteRunner.java:425)
	at org.testng.SuiteRunner.runSequentially(SuiteRunner.java:420)
	at org.testng.SuiteRunner.privateRun(SuiteRunner.java:385)
	at org.testng.SuiteRunner.run(SuiteRunner.java:334)
	at org.testng.SuiteRunnerWorker.runSuite(SuiteRunnerWorker.java:52)
	at org.testng.SuiteRunnerWorker.run(SuiteRunnerWorker.java:86)
	at org.testng.TestNG.runSuitesSequentially(TestNG.java:1318)
	at org.testng.TestNG.runSuitesLocally(TestNG.java:1243)
	at org.testng.TestNG.runSuites(TestNG.java:1161)
	at org.testng.TestNG.run(TestNG.java:1129)
	at org.testng.remote.AbstractRemoteTestNG.run(AbstractRemoteTestNG.java:114)
	at org.testng.remote.RemoteTestNG.initAndRun(RemoteTestNG.java:251)
	at org.testng.remote.RemoteTestNG.main(RemoteTestNG.java:77)
</pre></div></td>
<td>0</td>
<td>de.letsbulidacompiler.compiler.CompilerTest@d2cc05a</td></tr>
<tr>
<td title='de.letsbulidacompiler.compiler.CompilerTest.compilingCode_throwsUndeclaredVariableException_ifReadingUndefinedVariable()'><b>compilingCode_throwsUndeclaredVariableException_ifReadingUndefinedVariable</b><br>Test class: de.letsbulidacompiler.compiler.CompilerTest</td>
<td><div><pre>de.letsbulidacompiler.compiler.exceptions.UndeclaredVariableException: 1:8 undeclared variable &lt;x&gt;
	at de.letsbuildacompiler.compiler.MyVisitor.requireVariableIndex(MyVisitor.java:233)
	at de.letsbuildacompiler.compiler.MyVisitor.visitVariable(MyVisitor.java:157)
	at de.letsbuildacompiler.compiler.MyVisitor.visitVariable(MyVisitor.java:1)
	at de.letsbuildacompiler.parser.DemoParser$VariableContext.accept(DemoParser.java:441)
	at org.antlr.v4.runtime.tree.AbstractParseTreeVisitor.visit(AbstractParseTreeVisitor.java:18)
	at de.letsbuildacompiler.compiler.MyVisitor.visitPrintln(MyVisitor.java:48)
	at de.letsbuildacompiler.compiler.MyVisitor.visitPrintln(MyVisitor.java:1)
	at de.letsbuildacompiler.parser.DemoParser$PrintlnContext.accept(DemoParser.java:777)
	at org.antlr.v4.runtime.tree.AbstractParseTreeVisitor.visitChildren(AbstractParseTreeVisitor.java:46)
	at de.letsbuildacompiler.parser.DemoBaseVisitor.visitStatement(DemoBaseVisitor.java:41)
	at de.letsbuildacompiler.parser.DemoParser$StatementContext.accept(DemoParser.java:234)
	at org.antlr.v4.runtime.tree.AbstractParseTreeVisitor.visitChildren(AbstractParseTreeVisitor.java:46)
	at de.letsbuildacompiler.parser.DemoBaseVisitor.visitMainStatement(DemoBaseVisitor.java:27)
	at de.letsbuildacompiler.parser.DemoParser$MainStatementContext.accept(DemoParser.java:163)
	at org.antlr.v4.runtime.tree.AbstractParseTreeVisitor.visit(AbstractParseTreeVisitor.java:18)
	at de.letsbuildacompiler.compiler.MyVisitor.visitProgram(MyVisitor.java:212)
	at de.letsbuildacompiler.compiler.MyVisitor.visitProgram(MyVisitor.java:1)
	at de.letsbuildacompiler.parser.DemoParser$ProgramContext.accept(DemoParser.java:106)
	at org.antlr.v4.runtime.tree.AbstractParseTreeVisitor.visit(AbstractParseTreeVisitor.java:18)
	at de.letsbuildacompiler.compiler.Main.compile(Main.java:35)
	at de.letsbulidacompiler.compiler.CompilerTest.compileAndRun(CompilerTest.java:219)
	at de.letsbulidacompiler.compiler.CompilerTest.compilingCode_throwsUndeclaredVariableException_ifReadingUndefinedVariable(CompilerTest.java:67)
	at sun.reflect.NativeMethodAccessorImpl.invoke0(Native Method)
	at sun.reflect.NativeMethodAccessorImpl.invoke(NativeMethodAccessorImpl.java:62)
	at sun.reflect.DelegatingMethodAccessorImpl.invoke(DelegatingMethodAccessorImpl.java:43)
	at java.lang.reflect.Method.invoke(Method.java:498)
	at org.testng.internal.MethodInvocationHelper.invokeMethod(MethodInvocationHelper.java:108)
	at org.testng.internal.Invoker.invokeMethod(Invoker.java:669)
	at org.testng.internal.Invoker.invokeTestMethod(Invoker.java:877)
	at org.testng.internal.Invoker.invokeTestMethods(Invoker.java:1201)
	at org.testng.internal.TestMethodWorker.invokeTestMethods(TestMethodWorker.java:125)
	at org.testng.internal.TestMethodWorker.run(TestMethodWorker.java:109)
	at org.testng.TestRunner.privateRun(TestRunner.java:776)
	at org.testng.TestRunner.run(TestRunner.java:634)
	at org.testng.SuiteRunner.runTest(SuiteRunner.java:425)
	at org.testng.SuiteRunner.runSequentially(SuiteRunner.java:420)
	at org.testng.SuiteRunner.privateRun(SuiteRunner.java:385)
	at org.testng.SuiteRunner.run(SuiteRunner.java:334)
	at org.testng.SuiteRunnerWorker.runSuite(SuiteRunnerWorker.java:52)
	at org.testng.SuiteRunnerWorker.run(SuiteRunnerWorker.java:86)
	at org.testng.TestNG.runSuitesSequentially(TestNG.java:1318)
	at org.testng.TestNG.runSuitesLocally(TestNG.java:1243)
	at org.testng.TestNG.runSuites(TestNG.java:1161)
	at org.testng.TestNG.run(TestNG.java:1129)
	at org.testng.remote.AbstractRemoteTestNG.run(AbstractRemoteTestNG.java:114)
	at org.testng.remote.RemoteTestNG.initAndRun(RemoteTestNG.java:251)
	at org.testng.remote.RemoteTestNG.main(RemoteTestNG.java:77)
</pre></div><a href='#' onClick='toggleBox("stack-trace1250391581", this, "Click to show all stack frames", "Click to hide stack frames")'>Click to show all stack frames</a>
<div class='stack-trace' id='stack-trace1250391581'><pre>de.letsbulidacompiler.compiler.exceptions.UndeclaredVariableException: 1:8 undeclared variable &lt;x&gt;
	at de.letsbuildacompiler.compiler.MyVisitor.requireVariableIndex(MyVisitor.java:233)
	at de.letsbuildacompiler.compiler.MyVisitor.visitVariable(MyVisitor.java:157)
	at de.letsbuildacompiler.compiler.MyVisitor.visitVariable(MyVisitor.java:1)
	at de.letsbuildacompiler.parser.DemoParser$VariableContext.accept(DemoParser.java:441)
	at org.antlr.v4.runtime.tree.AbstractParseTreeVisitor.visit(AbstractParseTreeVisitor.java:18)
	at de.letsbuildacompiler.compiler.MyVisitor.visitPrintln(MyVisitor.java:48)
	at de.letsbuildacompiler.compiler.MyVisitor.visitPrintln(MyVisitor.java:1)
	at de.letsbuildacompiler.parser.DemoParser$PrintlnContext.accept(DemoParser.java:777)
	at org.antlr.v4.runtime.tree.AbstractParseTreeVisitor.visitChildren(AbstractParseTreeVisitor.java:46)
	at de.letsbuildacompiler.parser.DemoBaseVisitor.visitStatement(DemoBaseVisitor.java:41)
	at de.letsbuildacompiler.parser.DemoParser$StatementContext.accept(DemoParser.java:234)
	at org.antlr.v4.runtime.tree.AbstractParseTreeVisitor.visitChildren(AbstractParseTreeVisitor.java:46)
	at de.letsbuildacompiler.parser.DemoBaseVisitor.visitMainStatement(DemoBaseVisitor.java:27)
	at de.letsbuildacompiler.parser.DemoParser$MainStatementContext.accept(DemoParser.java:163)
	at org.antlr.v4.runtime.tree.AbstractParseTreeVisitor.visit(AbstractParseTreeVisitor.java:18)
	at de.letsbuildacompiler.compiler.MyVisitor.visitProgram(MyVisitor.java:212)
	at de.letsbuildacompiler.compiler.MyVisitor.visitProgram(MyVisitor.java:1)
	at de.letsbuildacompiler.parser.DemoParser$ProgramContext.accept(DemoParser.java:106)
	at org.antlr.v4.runtime.tree.AbstractParseTreeVisitor.visit(AbstractParseTreeVisitor.java:18)
	at de.letsbuildacompiler.compiler.Main.compile(Main.java:35)
	at de.letsbulidacompiler.compiler.CompilerTest.compileAndRun(CompilerTest.java:219)
	at de.letsbulidacompiler.compiler.CompilerTest.compilingCode_throwsUndeclaredVariableException_ifReadingUndefinedVariable(CompilerTest.java:67)
	at sun.reflect.NativeMethodAccessorImpl.invoke0(Native Method)
	at sun.reflect.NativeMethodAccessorImpl.invoke(NativeMethodAccessorImpl.java:62)
	at sun.reflect.DelegatingMethodAccessorImpl.invoke(DelegatingMethodAccessorImpl.java:43)
	at java.lang.reflect.Method.invoke(Method.java:498)
	at org.testng.internal.MethodInvocationHelper.invokeMethod(MethodInvocationHelper.java:108)
	at org.testng.internal.Invoker.invokeMethod(Invoker.java:669)
	at org.testng.internal.Invoker.invokeTestMethod(Invoker.java:877)
	at org.testng.internal.Invoker.invokeTestMethods(Invoker.java:1201)
	at org.testng.internal.TestMethodWorker.invokeTestMethods(TestMethodWorker.java:125)
	at org.testng.internal.TestMethodWorker.run(TestMethodWorker.java:109)
	at org.testng.TestRunner.privateRun(TestRunner.java:776)
	at org.testng.TestRunner.run(TestRunner.java:634)
	at org.testng.SuiteRunner.runTest(SuiteRunner.java:425)
	at org.testng.SuiteRunner.runSequentially(SuiteRunner.java:420)
	at org.testng.SuiteRunner.privateRun(SuiteRunner.java:385)
	at org.testng.SuiteRunner.run(SuiteRunner.java:334)
	at org.testng.SuiteRunnerWorker.runSuite(SuiteRunnerWorker.java:52)
	at org.testng.SuiteRunnerWorker.run(SuiteRunnerWorker.java:86)
	at org.testng.TestNG.runSuitesSequentially(TestNG.java:1318)
	at org.testng.TestNG.runSuitesLocally(TestNG.java:1243)
	at org.testng.TestNG.runSuites(TestNG.java:1161)
	at org.testng.TestNG.run(TestNG.java:1129)
	at org.testng.remote.AbstractRemoteTestNG.run(AbstractRemoteTestNG.java:114)
	at org.testng.remote.RemoteTestNG.initAndRun(RemoteTestNG.java:251)
	at org.testng.remote.RemoteTestNG.main(RemoteTestNG.java:77)
</pre></div></td>
<td>0</td>
<td>de.letsbulidacompiler.compiler.CompilerTest@d2cc05a</td></tr>
<tr>
<td title='de.letsbulidacompiler.compiler.CompilerTest.compilingCode_throwsUndeclaredVariableException_ifWrintingUndefinedVariable()'><b>compilingCode_throwsUndeclaredVariableException_ifWrintingUndefinedVariable</b><br>Test class: de.letsbulidacompiler.compiler.CompilerTest</td>
<td><div><pre>de.letsbulidacompiler.compiler.exceptions.UndeclaredVariableException: 1:0 undeclared variable &lt;x&gt;
	at de.letsbuildacompiler.compiler.MyVisitor.requireVariableIndex(MyVisitor.java:233)
	at de.letsbuildacompiler.compiler.MyVisitor.visitAssignment(MyVisitor.java:152)
	at de.letsbuildacompiler.compiler.MyVisitor.visitAssignment(MyVisitor.java:1)
	at de.letsbuildacompiler.parser.DemoParser$AssignmentContext.accept(DemoParser.java:736)
	at org.antlr.v4.runtime.tree.AbstractParseTreeVisitor.visitChildren(AbstractParseTreeVisitor.java:46)
	at de.letsbuildacompiler.parser.DemoBaseVisitor.visitStatement(DemoBaseVisitor.java:41)
	at de.letsbuildacompiler.parser.DemoParser$StatementContext.accept(DemoParser.java:234)
	at org.antlr.v4.runtime.tree.AbstractParseTreeVisitor.visitChildren(AbstractParseTreeVisitor.java:46)
	at de.letsbuildacompiler.parser.DemoBaseVisitor.visitMainStatement(DemoBaseVisitor.java:27)
	at de.letsbuildacompiler.parser.DemoParser$MainStatementContext.accept(DemoParser.java:163)
	at org.antlr.v4.runtime.tree.AbstractParseTreeVisitor.visit(AbstractParseTreeVisitor.java:18)
	at de.letsbuildacompiler.compiler.MyVisitor.visitProgram(MyVisitor.java:212)
	at de.letsbuildacompiler.compiler.MyVisitor.visitProgram(MyVisitor.java:1)
	at de.letsbuildacompiler.parser.DemoParser$ProgramContext.accept(DemoParser.java:106)
	at org.antlr.v4.runtime.tree.AbstractParseTreeVisitor.visit(AbstractParseTreeVisitor.java:18)
	at de.letsbuildacompiler.compiler.Main.compile(Main.java:35)
	at de.letsbulidacompiler.compiler.CompilerTest.compileAndRun(CompilerTest.java:219)
	at de.letsbulidacompiler.compiler.CompilerTest.compilingCode_throwsUndeclaredVariableException_ifWrintingUndefinedVariable(CompilerTest.java:76)
	at sun.reflect.NativeMethodAccessorImpl.invoke0(Native Method)
	at sun.reflect.NativeMethodAccessorImpl.invoke(NativeMethodAccessorImpl.java:62)
	at sun.reflect.DelegatingMethodAccessorImpl.invoke(DelegatingMethodAccessorImpl.java:43)
	at java.lang.reflect.Method.invoke(Method.java:498)
	at org.testng.internal.MethodInvocationHelper.invokeMethod(MethodInvocationHelper.java:108)
	at org.testng.internal.Invoker.invokeMethod(Invoker.java:669)
	at org.testng.internal.Invoker.invokeTestMethod(Invoker.java:877)
	at org.testng.internal.Invoker.invokeTestMethods(Invoker.java:1201)
	at org.testng.internal.TestMethodWorker.invokeTestMethods(TestMethodWorker.java:125)
	at org.testng.internal.TestMethodWorker.run(TestMethodWorker.java:109)
	at org.testng.TestRunner.privateRun(TestRunner.java:776)
	at org.testng.TestRunner.run(TestRunner.java:634)
	at org.testng.SuiteRunner.runTest(SuiteRunner.java:425)
	at org.testng.SuiteRunner.runSequentially(SuiteRunner.java:420)
	at org.testng.SuiteRunner.privateRun(SuiteRunner.java:385)
	at org.testng.SuiteRunner.run(SuiteRunner.java:334)
	at org.testng.SuiteRunnerWorker.runSuite(SuiteRunnerWorker.java:52)
	at org.testng.SuiteRunnerWorker.run(SuiteRunnerWorker.java:86)
	at org.testng.TestNG.runSuitesSequentially(TestNG.java:1318)
	at org.testng.TestNG.runSuitesLocally(TestNG.java:1243)
	at org.testng.TestNG.runSuites(TestNG.java:1161)
	at org.testng.TestNG.run(TestNG.java:1129)
	at org.testng.remote.AbstractRemoteTestNG.run(AbstractRemoteTestNG.java:114)
	at org.testng.remote.RemoteTestNG.initAndRun(RemoteTestNG.java:251)
	at org.testng.remote.RemoteTestNG.main(RemoteTestNG.java:77)
</pre></div><a href='#' onClick='toggleBox("stack-trace1181869371", this, "Click to show all stack frames", "Click to hide stack frames")'>Click to show all stack frames</a>
<div class='stack-trace' id='stack-trace1181869371'><pre>de.letsbulidacompiler.compiler.exceptions.UndeclaredVariableException: 1:0 undeclared variable &lt;x&gt;
	at de.letsbuildacompiler.compiler.MyVisitor.requireVariableIndex(MyVisitor.java:233)
	at de.letsbuildacompiler.compiler.MyVisitor.visitAssignment(MyVisitor.java:152)
	at de.letsbuildacompiler.compiler.MyVisitor.visitAssignment(MyVisitor.java:1)
	at de.letsbuildacompiler.parser.DemoParser$AssignmentContext.accept(DemoParser.java:736)
	at org.antlr.v4.runtime.tree.AbstractParseTreeVisitor.visitChildren(AbstractParseTreeVisitor.java:46)
	at de.letsbuildacompiler.parser.DemoBaseVisitor.visitStatement(DemoBaseVisitor.java:41)
	at de.letsbuildacompiler.parser.DemoParser$StatementContext.accept(DemoParser.java:234)
	at org.antlr.v4.runtime.tree.AbstractParseTreeVisitor.visitChildren(AbstractParseTreeVisitor.java:46)
	at de.letsbuildacompiler.parser.DemoBaseVisitor.visitMainStatement(DemoBaseVisitor.java:27)
	at de.letsbuildacompiler.parser.DemoParser$MainStatementContext.accept(DemoParser.java:163)
	at org.antlr.v4.runtime.tree.AbstractParseTreeVisitor.visit(AbstractParseTreeVisitor.java:18)
	at de.letsbuildacompiler.compiler.MyVisitor.visitProgram(MyVisitor.java:212)
	at de.letsbuildacompiler.compiler.MyVisitor.visitProgram(MyVisitor.java:1)
	at de.letsbuildacompiler.parser.DemoParser$ProgramContext.accept(DemoParser.java:106)
	at org.antlr.v4.runtime.tree.AbstractParseTreeVisitor.visit(AbstractParseTreeVisitor.java:18)
	at de.letsbuildacompiler.compiler.Main.compile(Main.java:35)
	at de.letsbulidacompiler.compiler.CompilerTest.compileAndRun(CompilerTest.java:219)
	at de.letsbulidacompiler.compiler.CompilerTest.compilingCode_throwsUndeclaredVariableException_ifWrintingUndefinedVariable(CompilerTest.java:76)
	at sun.reflect.NativeMethodAccessorImpl.invoke0(Native Method)
	at sun.reflect.NativeMethodAccessorImpl.invoke(NativeMethodAccessorImpl.java:62)
	at sun.reflect.DelegatingMethodAccessorImpl.invoke(DelegatingMethodAccessorImpl.java:43)
	at java.lang.reflect.Method.invoke(Method.java:498)
	at org.testng.internal.MethodInvocationHelper.invokeMethod(MethodInvocationHelper.java:108)
	at org.testng.internal.Invoker.invokeMethod(Invoker.java:669)
	at org.testng.internal.Invoker.invokeTestMethod(Invoker.java:877)
	at org.testng.internal.Invoker.invokeTestMethods(Invoker.java:1201)
	at org.testng.internal.TestMethodWorker.invokeTestMethods(TestMethodWorker.java:125)
	at org.testng.internal.TestMethodWorker.run(TestMethodWorker.java:109)
	at org.testng.TestRunner.privateRun(TestRunner.java:776)
	at org.testng.TestRunner.run(TestRunner.java:634)
	at org.testng.SuiteRunner.runTest(SuiteRunner.java:425)
	at org.testng.SuiteRunner.runSequentially(SuiteRunner.java:420)
	at org.testng.SuiteRunner.privateRun(SuiteRunner.java:385)
	at org.testng.SuiteRunner.run(SuiteRunner.java:334)
	at org.testng.SuiteRunnerWorker.runSuite(SuiteRunnerWorker.java:52)
	at org.testng.SuiteRunnerWorker.run(SuiteRunnerWorker.java:86)
	at org.testng.TestNG.runSuitesSequentially(TestNG.java:1318)
	at org.testng.TestNG.runSuitesLocally(TestNG.java:1243)
	at org.testng.TestNG.runSuites(TestNG.java:1161)
	at org.testng.TestNG.run(TestNG.java:1129)
	at org.testng.remote.AbstractRemoteTestNG.run(AbstractRemoteTestNG.java:114)
	at org.testng.remote.RemoteTestNG.initAndRun(RemoteTestNG.java:251)
	at org.testng.remote.RemoteTestNG.main(RemoteTestNG.java:77)
</pre></div></td>
<td>0</td>
<td>de.letsbulidacompiler.compiler.CompilerTest@d2cc05a</td></tr>
<tr>
<td title='de.letsbulidacompiler.compiler.CompilerTest.compilingCode_throwsUndefinedFunctionException_whenCallingUndefinedFunction()'><b>compilingCode_throwsUndefinedFunctionException_whenCallingUndefinedFunction</b><br>Test class: de.letsbulidacompiler.compiler.CompilerTest</td>
<td><div><pre>de.letsbulidacompiler.compiler.exceptions.UndefinedFunctionException: 1:8 call to undefined function: &lt;someUndefinedFunction&gt;
	at de.letsbuildacompiler.compiler.MyVisitor.visitFunctionCall(MyVisitor.java:164)
	at de.letsbuildacompiler.compiler.MyVisitor.visitFunctionCall(MyVisitor.java:1)
	at de.letsbuildacompiler.parser.DemoParser$FunctionCallContext.accept(DemoParser.java:1012)
	at org.antlr.v4.runtime.tree.AbstractParseTreeVisitor.visitChildren(AbstractParseTreeVisitor.java:46)
	at de.letsbuildacompiler.parser.DemoBaseVisitor.visitFuncCallExpression(DemoBaseVisitor.java:111)
	at de.letsbuildacompiler.parser.DemoParser$FuncCallExpressionContext.accept(DemoParser.java:527)
	at org.antlr.v4.runtime.tree.AbstractParseTreeVisitor.visit(AbstractParseTreeVisitor.java:18)
	at de.letsbuildacompiler.compiler.MyVisitor.visitPrintln(MyVisitor.java:48)
	at de.letsbuildacompiler.compiler.MyVisitor.visitPrintln(MyVisitor.java:1)
	at de.letsbuildacompiler.parser.DemoParser$PrintlnContext.accept(DemoParser.java:777)
	at org.antlr.v4.runtime.tree.AbstractParseTreeVisitor.visitChildren(AbstractParseTreeVisitor.java:46)
	at de.letsbuildacompiler.parser.DemoBaseVisitor.visitStatement(DemoBaseVisitor.java:41)
	at de.letsbuildacompiler.parser.DemoParser$StatementContext.accept(DemoParser.java:234)
	at org.antlr.v4.runtime.tree.AbstractParseTreeVisitor.visitChildren(AbstractParseTreeVisitor.java:46)
	at de.letsbuildacompiler.parser.DemoBaseVisitor.visitMainStatement(DemoBaseVisitor.java:27)
	at de.letsbuildacompiler.parser.DemoParser$MainStatementContext.accept(DemoParser.java:163)
	at org.antlr.v4.runtime.tree.AbstractParseTreeVisitor.visit(AbstractParseTreeVisitor.java:18)
	at de.letsbuildacompiler.compiler.MyVisitor.visitProgram(MyVisitor.java:212)
	at de.letsbuildacompiler.compiler.MyVisitor.visitProgram(MyVisitor.java:1)
	at de.letsbuildacompiler.parser.DemoParser$ProgramContext.accept(DemoParser.java:106)
	at org.antlr.v4.runtime.tree.AbstractParseTreeVisitor.visit(AbstractParseTreeVisitor.java:18)
	at de.letsbuildacompiler.compiler.Main.compile(Main.java:35)
	at de.letsbulidacompiler.compiler.CompilerTest.compileAndRun(CompilerTest.java:219)
	at de.letsbulidacompiler.compiler.CompilerTest.compilingCode_throwsUndefinedFunctionException_whenCallingUndefinedFunction(CompilerTest.java:95)
	at sun.reflect.NativeMethodAccessorImpl.invoke0(Native Method)
	at sun.reflect.NativeMethodAccessorImpl.invoke(NativeMethodAccessorImpl.java:62)
	at sun.reflect.DelegatingMethodAccessorImpl.invoke(DelegatingMethodAccessorImpl.java:43)
	at java.lang.reflect.Method.invoke(Method.java:498)
	at org.testng.internal.MethodInvocationHelper.invokeMethod(MethodInvocationHelper.java:108)
	at org.testng.internal.Invoker.invokeMethod(Invoker.java:669)
	at org.testng.internal.Invoker.invokeTestMethod(Invoker.java:877)
	at org.testng.internal.Invoker.invokeTestMethods(Invoker.java:1201)
	at org.testng.internal.TestMethodWorker.invokeTestMethods(TestMethodWorker.java:125)
	at org.testng.internal.TestMethodWorker.run(TestMethodWorker.java:109)
	at org.testng.TestRunner.privateRun(TestRunner.java:776)
	at org.testng.TestRunner.run(TestRunner.java:634)
	at org.testng.SuiteRunner.runTest(SuiteRunner.java:425)
	at org.testng.SuiteRunner.runSequentially(SuiteRunner.java:420)
	at org.testng.SuiteRunner.privateRun(SuiteRunner.java:385)
	at org.testng.SuiteRunner.run(SuiteRunner.java:334)
	at org.testng.SuiteRunnerWorker.runSuite(SuiteRunnerWorker.java:52)
	at org.testng.SuiteRunnerWorker.run(SuiteRunnerWorker.java:86)
	at org.testng.TestNG.runSuitesSequentially(TestNG.java:1318)
	at org.testng.TestNG.runSuitesLocally(TestNG.java:1243)
	at org.testng.TestNG.runSuites(TestNG.java:1161)
	at org.testng.TestNG.run(TestNG.java:1129)
	at org.testng.remote.AbstractRemoteTestNG.run(AbstractRemoteTestNG.java:114)
	at org.testng.remote.RemoteTestNG.initAndRun(RemoteTestNG.java:251)
	at org.testng.remote.RemoteTestNG.main(RemoteTestNG.java:77)
</pre></div><a href='#' onClick='toggleBox("stack-trace1122805102", this, "Click to show all stack frames", "Click to hide stack frames")'>Click to show all stack frames</a>
<div class='stack-trace' id='stack-trace1122805102'><pre>de.letsbulidacompiler.compiler.exceptions.UndefinedFunctionException: 1:8 call to undefined function: &lt;someUndefinedFunction&gt;
	at de.letsbuildacompiler.compiler.MyVisitor.visitFunctionCall(MyVisitor.java:164)
	at de.letsbuildacompiler.compiler.MyVisitor.visitFunctionCall(MyVisitor.java:1)
	at de.letsbuildacompiler.parser.DemoParser$FunctionCallContext.accept(DemoParser.java:1012)
	at org.antlr.v4.runtime.tree.AbstractParseTreeVisitor.visitChildren(AbstractParseTreeVisitor.java:46)
	at de.letsbuildacompiler.parser.DemoBaseVisitor.visitFuncCallExpression(DemoBaseVisitor.java:111)
	at de.letsbuildacompiler.parser.DemoParser$FuncCallExpressionContext.accept(DemoParser.java:527)
	at org.antlr.v4.runtime.tree.AbstractParseTreeVisitor.visit(AbstractParseTreeVisitor.java:18)
	at de.letsbuildacompiler.compiler.MyVisitor.visitPrintln(MyVisitor.java:48)
	at de.letsbuildacompiler.compiler.MyVisitor.visitPrintln(MyVisitor.java:1)
	at de.letsbuildacompiler.parser.DemoParser$PrintlnContext.accept(DemoParser.java:777)
	at org.antlr.v4.runtime.tree.AbstractParseTreeVisitor.visitChildren(AbstractParseTreeVisitor.java:46)
	at de.letsbuildacompiler.parser.DemoBaseVisitor.visitStatement(DemoBaseVisitor.java:41)
	at de.letsbuildacompiler.parser.DemoParser$StatementContext.accept(DemoParser.java:234)
	at org.antlr.v4.runtime.tree.AbstractParseTreeVisitor.visitChildren(AbstractParseTreeVisitor.java:46)
	at de.letsbuildacompiler.parser.DemoBaseVisitor.visitMainStatement(DemoBaseVisitor.java:27)
	at de.letsbuildacompiler.parser.DemoParser$MainStatementContext.accept(DemoParser.java:163)
	at org.antlr.v4.runtime.tree.AbstractParseTreeVisitor.visit(AbstractParseTreeVisitor.java:18)
	at de.letsbuildacompiler.compiler.MyVisitor.visitProgram(MyVisitor.java:212)
	at de.letsbuildacompiler.compiler.MyVisitor.visitProgram(MyVisitor.java:1)
	at de.letsbuildacompiler.parser.DemoParser$ProgramContext.accept(DemoParser.java:106)
	at org.antlr.v4.runtime.tree.AbstractParseTreeVisitor.visit(AbstractParseTreeVisitor.java:18)
	at de.letsbuildacompiler.compiler.Main.compile(Main.java:35)
	at de.letsbulidacompiler.compiler.CompilerTest.compileAndRun(CompilerTest.java:219)
	at de.letsbulidacompiler.compiler.CompilerTest.compilingCode_throwsUndefinedFunctionException_whenCallingUndefinedFunction(CompilerTest.java:95)
	at sun.reflect.NativeMethodAccessorImpl.invoke0(Native Method)
	at sun.reflect.NativeMethodAccessorImpl.invoke(NativeMethodAccessorImpl.java:62)
	at sun.reflect.DelegatingMethodAccessorImpl.invoke(DelegatingMethodAccessorImpl.java:43)
	at java.lang.reflect.Method.invoke(Method.java:498)
	at org.testng.internal.MethodInvocationHelper.invokeMethod(MethodInvocationHelper.java:108)
	at org.testng.internal.Invoker.invokeMethod(Invoker.java:669)
	at org.testng.internal.Invoker.invokeTestMethod(Invoker.java:877)
	at org.testng.internal.Invoker.invokeTestMethods(Invoker.java:1201)
	at org.testng.internal.TestMethodWorker.invokeTestMethods(TestMethodWorker.java:125)
	at org.testng.internal.TestMethodWorker.run(TestMethodWorker.java:109)
	at org.testng.TestRunner.privateRun(TestRunner.java:776)
	at org.testng.TestRunner.run(TestRunner.java:634)
	at org.testng.SuiteRunner.runTest(SuiteRunner.java:425)
	at org.testng.SuiteRunner.runSequentially(SuiteRunner.java:420)
	at org.testng.SuiteRunner.privateRun(SuiteRunner.java:385)
	at org.testng.SuiteRunner.run(SuiteRunner.java:334)
	at org.testng.SuiteRunnerWorker.runSuite(SuiteRunnerWorker.java:52)
	at org.testng.SuiteRunnerWorker.run(SuiteRunnerWorker.java:86)
	at org.testng.TestNG.runSuitesSequentially(TestNG.java:1318)
	at org.testng.TestNG.runSuitesLocally(TestNG.java:1243)
	at org.testng.TestNG.runSuites(TestNG.java:1161)
	at org.testng.TestNG.run(TestNG.java:1129)
	at org.testng.remote.AbstractRemoteTestNG.run(AbstractRemoteTestNG.java:114)
	at org.testng.remote.RemoteTestNG.initAndRun(RemoteTestNG.java:251)
	at org.testng.remote.RemoteTestNG.main(RemoteTestNG.java:77)
</pre></div></td>
<td>0</td>
<td>de.letsbulidacompiler.compiler.CompilerTest@d2cc05a</td></tr>
<tr>
<td title='de.letsbulidacompiler.compiler.CompilerTest.compilingCode_throwsVariableAlreadyDefinedException_whenDefiningAlreadyDefinedVariable()'><b>compilingCode_throwsVariableAlreadyDefinedException_whenDefiningAlreadyDefinedVariable</b><br>Test class: de.letsbulidacompiler.compiler.CompilerTest</td>
<td><div><pre>de.letsbulidacompiler.compiler.exceptions.VariableAlreadyDefinedException: 2:4 variable already defined: &lt;x&gt;
	at de.letsbuildacompiler.compiler.MyVisitor.visitVarDeclaration(MyVisitor.java:114)
	at de.letsbuildacompiler.compiler.MyVisitor.visitVarDeclaration(MyVisitor.java:1)
	at de.letsbuildacompiler.parser.DemoParser$VarDeclarationContext.accept(DemoParser.java:695)
	at org.antlr.v4.runtime.tree.AbstractParseTreeVisitor.visitChildren(AbstractParseTreeVisitor.java:46)
	at de.letsbuildacompiler.parser.DemoBaseVisitor.visitStatement(DemoBaseVisitor.java:41)
	at de.letsbuildacompiler.parser.DemoParser$StatementContext.accept(DemoParser.java:234)
	at org.antlr.v4.runtime.tree.AbstractParseTreeVisitor.visitChildren(AbstractParseTreeVisitor.java:46)
	at de.letsbuildacompiler.parser.DemoBaseVisitor.visitMainStatement(DemoBaseVisitor.java:27)
	at de.letsbuildacompiler.parser.DemoParser$MainStatementContext.accept(DemoParser.java:163)
	at org.antlr.v4.runtime.tree.AbstractParseTreeVisitor.visit(AbstractParseTreeVisitor.java:18)
	at de.letsbuildacompiler.compiler.MyVisitor.visitProgram(MyVisitor.java:212)
	at de.letsbuildacompiler.compiler.MyVisitor.visitProgram(MyVisitor.java:1)
	at de.letsbuildacompiler.parser.DemoParser$ProgramContext.accept(DemoParser.java:106)
	at org.antlr.v4.runtime.tree.AbstractParseTreeVisitor.visit(AbstractParseTreeVisitor.java:18)
	at de.letsbuildacompiler.compiler.Main.compile(Main.java:35)
	at de.letsbulidacompiler.compiler.CompilerTest.compileAndRun(CompilerTest.java:219)
	at de.letsbulidacompiler.compiler.CompilerTest.compilingCode_throwsVariableAlreadyDefinedException_whenDefiningAlreadyDefinedVariable(CompilerTest.java:85)
	at sun.reflect.NativeMethodAccessorImpl.invoke0(Native Method)
	at sun.reflect.NativeMethodAccessorImpl.invoke(NativeMethodAccessorImpl.java:62)
	at sun.reflect.DelegatingMethodAccessorImpl.invoke(DelegatingMethodAccessorImpl.java:43)
	at java.lang.reflect.Method.invoke(Method.java:498)
	at org.testng.internal.MethodInvocationHelper.invokeMethod(MethodInvocationHelper.java:108)
	at org.testng.internal.Invoker.invokeMethod(Invoker.java:669)
	at org.testng.internal.Invoker.invokeTestMethod(Invoker.java:877)
	at org.testng.internal.Invoker.invokeTestMethods(Invoker.java:1201)
	at org.testng.internal.TestMethodWorker.invokeTestMethods(TestMethodWorker.java:125)
	at org.testng.internal.TestMethodWorker.run(TestMethodWorker.java:109)
	at org.testng.TestRunner.privateRun(TestRunner.java:776)
	at org.testng.TestRunner.run(TestRunner.java:634)
	at org.testng.SuiteRunner.runTest(SuiteRunner.java:425)
	at org.testng.SuiteRunner.runSequentially(SuiteRunner.java:420)
	at org.testng.SuiteRunner.privateRun(SuiteRunner.java:385)
	at org.testng.SuiteRunner.run(SuiteRunner.java:334)
	at org.testng.SuiteRunnerWorker.runSuite(SuiteRunnerWorker.java:52)
	at org.testng.SuiteRunnerWorker.run(SuiteRunnerWorker.java:86)
	at org.testng.TestNG.runSuitesSequentially(TestNG.java:1318)
	at org.testng.TestNG.runSuitesLocally(TestNG.java:1243)
	at org.testng.TestNG.runSuites(TestNG.java:1161)
	at org.testng.TestNG.run(TestNG.java:1129)
	at org.testng.remote.AbstractRemoteTestNG.run(AbstractRemoteTestNG.java:114)
	at org.testng.remote.RemoteTestNG.initAndRun(RemoteTestNG.java:251)
	at org.testng.remote.RemoteTestNG.main(RemoteTestNG.java:77)
</pre></div><a href='#' onClick='toggleBox("stack-trace1053631449", this, "Click to show all stack frames", "Click to hide stack frames")'>Click to show all stack frames</a>
<div class='stack-trace' id='stack-trace1053631449'><pre>de.letsbulidacompiler.compiler.exceptions.VariableAlreadyDefinedException: 2:4 variable already defined: &lt;x&gt;
	at de.letsbuildacompiler.compiler.MyVisitor.visitVarDeclaration(MyVisitor.java:114)
	at de.letsbuildacompiler.compiler.MyVisitor.visitVarDeclaration(MyVisitor.java:1)
	at de.letsbuildacompiler.parser.DemoParser$VarDeclarationContext.accept(DemoParser.java:695)
	at org.antlr.v4.runtime.tree.AbstractParseTreeVisitor.visitChildren(AbstractParseTreeVisitor.java:46)
	at de.letsbuildacompiler.parser.DemoBaseVisitor.visitStatement(DemoBaseVisitor.java:41)
	at de.letsbuildacompiler.parser.DemoParser$StatementContext.accept(DemoParser.java:234)
	at org.antlr.v4.runtime.tree.AbstractParseTreeVisitor.visitChildren(AbstractParseTreeVisitor.java:46)
	at de.letsbuildacompiler.parser.DemoBaseVisitor.visitMainStatement(DemoBaseVisitor.java:27)
	at de.letsbuildacompiler.parser.DemoParser$MainStatementContext.accept(DemoParser.java:163)
	at org.antlr.v4.runtime.tree.AbstractParseTreeVisitor.visit(AbstractParseTreeVisitor.java:18)
	at de.letsbuildacompiler.compiler.MyVisitor.visitProgram(MyVisitor.java:212)
	at de.letsbuildacompiler.compiler.MyVisitor.visitProgram(MyVisitor.java:1)
	at de.letsbuildacompiler.parser.DemoParser$ProgramContext.accept(DemoParser.java:106)
	at org.antlr.v4.runtime.tree.AbstractParseTreeVisitor.visit(AbstractParseTreeVisitor.java:18)
	at de.letsbuildacompiler.compiler.Main.compile(Main.java:35)
	at de.letsbulidacompiler.compiler.CompilerTest.compileAndRun(CompilerTest.java:219)
	at de.letsbulidacompiler.compiler.CompilerTest.compilingCode_throwsVariableAlreadyDefinedException_whenDefiningAlreadyDefinedVariable(CompilerTest.java:85)
	at sun.reflect.NativeMethodAccessorImpl.invoke0(Native Method)
	at sun.reflect.NativeMethodAccessorImpl.invoke(NativeMethodAccessorImpl.java:62)
	at sun.reflect.DelegatingMethodAccessorImpl.invoke(DelegatingMethodAccessorImpl.java:43)
	at java.lang.reflect.Method.invoke(Method.java:498)
	at org.testng.internal.MethodInvocationHelper.invokeMethod(MethodInvocationHelper.java:108)
	at org.testng.internal.Invoker.invokeMethod(Invoker.java:669)
	at org.testng.internal.Invoker.invokeTestMethod(Invoker.java:877)
	at org.testng.internal.Invoker.invokeTestMethods(Invoker.java:1201)
	at org.testng.internal.TestMethodWorker.invokeTestMethods(TestMethodWorker.java:125)
	at org.testng.internal.TestMethodWorker.run(TestMethodWorker.java:109)
	at org.testng.TestRunner.privateRun(TestRunner.java:776)
	at org.testng.TestRunner.run(TestRunner.java:634)
	at org.testng.SuiteRunner.runTest(SuiteRunner.java:425)
	at org.testng.SuiteRunner.runSequentially(SuiteRunner.java:420)
	at org.testng.SuiteRunner.privateRun(SuiteRunner.java:385)
	at org.testng.SuiteRunner.run(SuiteRunner.java:334)
	at org.testng.SuiteRunnerWorker.runSuite(SuiteRunnerWorker.java:52)
	at org.testng.SuiteRunnerWorker.run(SuiteRunnerWorker.java:86)
	at org.testng.TestNG.runSuitesSequentially(TestNG.java:1318)
	at org.testng.TestNG.runSuitesLocally(TestNG.java:1243)
	at org.testng.TestNG.runSuites(TestNG.java:1161)
	at org.testng.TestNG.run(TestNG.java:1129)
	at org.testng.remote.AbstractRemoteTestNG.run(AbstractRemoteTestNG.java:114)
	at org.testng.remote.RemoteTestNG.initAndRun(RemoteTestNG.java:251)
	at org.testng.remote.RemoteTestNG.main(RemoteTestNG.java:77)
</pre></div></td>
<td>0</td>
<td>de.letsbulidacompiler.compiler.CompilerTest@d2cc05a</td></tr>
<tr>
<td title='de.letsbulidacompiler.compiler.CompilerTest.runningCode_outputExpectedText()'><b>runningCode_outputExpectedText</b><br>Test class: de.letsbulidacompiler.compiler.CompilerTest<br>Parameters: plus, println(1+2);, 3
</td>
<td></td>
<td>0</td>
<td>de.letsbulidacompiler.compiler.CompilerTest@d2cc05a</td></tr>
<tr>
<td title='de.letsbulidacompiler.compiler.CompilerTest.runningCode_outputExpectedText()'><b>runningCode_outputExpectedText</b><br>Test class: de.letsbulidacompiler.compiler.CompilerTest<br>Parameters: chained plus, println(1+2+42);, 45
</td>
<td></td>
<td>0</td>
<td>de.letsbulidacompiler.compiler.CompilerTest@d2cc05a</td></tr>
<tr>
<td title='de.letsbulidacompiler.compiler.CompilerTest.runningCode_outputExpectedText()'><b>runningCode_outputExpectedText</b><br>Test class: de.letsbulidacompiler.compiler.CompilerTest<br>Parameters: multiple statements, println(1); println(2);, 1
2
</td>
<td></td>
<td>0</td>
<td>de.letsbulidacompiler.compiler.CompilerTest@d2cc05a</td></tr>
<tr>
<td title='de.letsbulidacompiler.compiler.CompilerTest.runningCode_outputExpectedText()'><b>runningCode_outputExpectedText</b><br>Test class: de.letsbulidacompiler.compiler.CompilerTest<br>Parameters: minus, println(3-2);, 1
</td>
<td></td>
<td>0</td>
<td>de.letsbulidacompiler.compiler.CompilerTest@d2cc05a</td></tr>
<tr>
<td title='de.letsbulidacompiler.compiler.CompilerTest.runningCode_outputExpectedText()'><b>runningCode_outputExpectedText</b><br>Test class: de.letsbulidacompiler.compiler.CompilerTest<br>Parameters: times, println(2*3);, 6
</td>
<td></td>
<td>0</td>
<td>de.letsbulidacompiler.compiler.CompilerTest@d2cc05a</td></tr>
<tr>
<td title='de.letsbulidacompiler.compiler.CompilerTest.runningCode_outputExpectedText()'><b>runningCode_outputExpectedText</b><br>Test class: de.letsbulidacompiler.compiler.CompilerTest<br>Parameters: divide, println(6/2);, 3
</td>
<td></td>
<td>0</td>
<td>de.letsbulidacompiler.compiler.CompilerTest@d2cc05a</td></tr>
<tr>
<td title='de.letsbulidacompiler.compiler.CompilerTest.runningCode_outputExpectedText()'><b>runningCode_outputExpectedText</b><br>Test class: de.letsbulidacompiler.compiler.CompilerTest<br>Parameters: divide and truncate, println(7/2);, 3
</td>
<td></td>
<td>0</td>
<td>de.letsbulidacompiler.compiler.CompilerTest@d2cc05a</td></tr>
<tr>
<td title='de.letsbulidacompiler.compiler.CompilerTest.runningCode_outputExpectedText()'><b>runningCode_outputExpectedText</b><br>Test class: de.letsbulidacompiler.compiler.CompilerTest<br>Parameters: precedence times and divide, println(8/2*4);, 16
</td>
<td></td>
<td>0</td>
<td>de.letsbulidacompiler.compiler.CompilerTest@d2cc05a</td></tr>
<tr>
<td title='de.letsbulidacompiler.compiler.CompilerTest.runningCode_outputExpectedText()'><b>runningCode_outputExpectedText</b><br>Test class: de.letsbulidacompiler.compiler.CompilerTest<br>Parameters: precedence plus and times, println(2+3*3);, 11
</td>
<td></td>
<td>0</td>
<td>de.letsbulidacompiler.compiler.CompilerTest@d2cc05a</td></tr>
<tr>
<td title='de.letsbulidacompiler.compiler.CompilerTest.runningCode_outputExpectedText()'><b>runningCode_outputExpectedText</b><br>Test class: de.letsbulidacompiler.compiler.CompilerTest<br>Parameters: precedence minus and times, println(9-2*3);, 3
</td>
<td></td>
<td>0</td>
<td>de.letsbulidacompiler.compiler.CompilerTest@d2cc05a</td></tr>
<tr>
<td title='de.letsbulidacompiler.compiler.CompilerTest.runningCode_outputExpectedText()'><b>runningCode_outputExpectedText</b><br>Test class: de.letsbulidacompiler.compiler.CompilerTest<br>Parameters: precedence minus and plus, println(8-2+5);, 11
</td>
<td></td>
<td>0</td>
<td>de.letsbulidacompiler.compiler.CompilerTest@d2cc05a</td></tr>
<tr>
<td title='de.letsbulidacompiler.compiler.CompilerTest.runningCode_outputExpectedText()'><b>runningCode_outputExpectedText</b><br>Test class: de.letsbulidacompiler.compiler.CompilerTest<br>Parameters: int variable, int foo; foo = 42; println(foo);, 42
</td>
<td></td>
<td>0</td>
<td>de.letsbulidacompiler.compiler.CompilerTest@d2cc05a</td></tr>
<tr>
<td title='de.letsbulidacompiler.compiler.CompilerTest.runningCode_outputExpectedText()'><b>runningCode_outputExpectedText</b><br>Test class: de.letsbulidacompiler.compiler.CompilerTest<br>Parameters: add var and constant parameter, int foo; foo = 42; println(foo+2);, 44
</td>
<td></td>
<td>0</td>
<td>de.letsbulidacompiler.compiler.CompilerTest@d2cc05a</td></tr>
<tr>
<td title='de.letsbulidacompiler.compiler.CompilerTest.runningCode_outputExpectedText()'><b>runningCode_outputExpectedText</b><br>Test class: de.letsbulidacompiler.compiler.CompilerTest<br>Parameters: add two vars parameter, int a; int b; a = 2; b = 5; println(a+b);, 7
</td>
<td></td>
<td>0</td>
<td>de.letsbulidacompiler.compiler.CompilerTest@d2cc05a</td></tr>
<tr>
<td title='de.letsbulidacompiler.compiler.CompilerTest.runningCode_outputExpectedText()'><b>runningCode_outputExpectedText</b><br>Test class: de.letsbulidacompiler.compiler.CompilerTest<br>Parameters: return only function, int randomNumber() { return 4; } println(randomNumber());, 4
</td>
<td></td>
<td>0</td>
<td>de.letsbulidacompiler.compiler.CompilerTest@d2cc05a</td></tr>
<tr>
<td title='de.letsbulidacompiler.compiler.CompilerTest.runningCode_outputExpectedText()'><b>runningCode_outputExpectedText</b><br>Test class: de.letsbulidacompiler.compiler.CompilerTest<br>Parameters: function/simple_function, int randomNumber() {
  int i;
  i = 4;
  return i;
}
println(randomNumber());, 4
</td>
<td></td>
<td>0</td>
<td>de.letsbulidacompiler.compiler.CompilerTest@d2cc05a</td></tr>
<tr>
<td title='de.letsbulidacompiler.compiler.CompilerTest.runningCode_outputExpectedText()'><b>runningCode_outputExpectedText</b><br>Test class: de.letsbulidacompiler.compiler.CompilerTest<br>Parameters: function/scopes, int randomNumber() {
  int i;
  i = 4;
  return i;
}
int i;
i = 42;
println(randomNumber());
println(i);, 4
42
</td>
<td></td>
<td>0</td>
<td>de.letsbulidacompiler.compiler.CompilerTest@d2cc05a</td></tr>
<tr>
<td title='de.letsbulidacompiler.compiler.CompilerTest.runningCode_outputExpectedText()'><b>runningCode_outputExpectedText</b><br>Test class: de.letsbulidacompiler.compiler.CompilerTest<br>Parameters: function/int_parameters, int add(int a, int b) {
  return a+b;
}
println(add(5,8));, 13
</td>
<td></td>
<td>0</td>
<td>de.letsbulidacompiler.compiler.CompilerTest@d2cc05a</td></tr>
<tr>
<td title='de.letsbulidacompiler.compiler.CompilerTest.runningCode_outputExpectedText()'><b>runningCode_outputExpectedText</b><br>Test class: de.letsbulidacompiler.compiler.CompilerTest<br>Parameters: function/overloading, int x() { return 0; }
int x(int a) { return a; }
println(x());
println(x(42));, 0
42
</td>
<td></td>
<td>0</td>
<td>de.letsbulidacompiler.compiler.CompilerTest@d2cc05a</td></tr>
<tr>
<td title='de.letsbulidacompiler.compiler.CompilerTest.runningCode_outputExpectedText()'><b>runningCode_outputExpectedText</b><br>Test class: de.letsbulidacompiler.compiler.CompilerTest<br>Parameters: branch/if_int_false, if (0) {
  println(81);
} else {
  println(42);
}, 42
</td>
<td></td>
<td>0</td>
<td>de.letsbulidacompiler.compiler.CompilerTest@d2cc05a</td></tr>
<tr>
<td title='de.letsbulidacompiler.compiler.CompilerTest.runningCode_outputExpectedText()'><b>runningCode_outputExpectedText</b><br>Test class: de.letsbulidacompiler.compiler.CompilerTest<br>Parameters: branch/if_int_true, if (1) {
  println(81);
} else {
  println(42);
}, 81
</td>
<td></td>
<td>0</td>
<td>de.letsbulidacompiler.compiler.CompilerTest@d2cc05a</td></tr>
<tr>
<td title='de.letsbulidacompiler.compiler.CompilerTest.runningCode_outputExpectedText()'><b>runningCode_outputExpectedText</b><br>Test class: de.letsbulidacompiler.compiler.CompilerTest<br>Parameters: lower than true, println(1 < 2);, 1
</td>
<td></td>
<td>0</td>
<td>de.letsbulidacompiler.compiler.CompilerTest@d2cc05a</td></tr>
<tr>
<td title='de.letsbulidacompiler.compiler.CompilerTest.runningCode_outputExpectedText()'><b>runningCode_outputExpectedText</b><br>Test class: de.letsbulidacompiler.compiler.CompilerTest<br>Parameters: lower than false, println(2 < 2);, 0
</td>
<td></td>
<td>0</td>
<td>de.letsbulidacompiler.compiler.CompilerTest@d2cc05a</td></tr>
<tr>
<td title='de.letsbulidacompiler.compiler.CompilerTest.runningCode_outputExpectedText()'><b>runningCode_outputExpectedText</b><br>Test class: de.letsbulidacompiler.compiler.CompilerTest<br>Parameters: lower than or equal true, println(2 <= 2);, 1
</td>
<td></td>
<td>0</td>
<td>de.letsbulidacompiler.compiler.CompilerTest@d2cc05a</td></tr>
<tr>
<td title='de.letsbulidacompiler.compiler.CompilerTest.runningCode_outputExpectedText()'><b>runningCode_outputExpectedText</b><br>Test class: de.letsbulidacompiler.compiler.CompilerTest<br>Parameters: lower than or equal false, println(3 <= 2);, 0
</td>
<td></td>
<td>0</td>
<td>de.letsbulidacompiler.compiler.CompilerTest@d2cc05a</td></tr>
<tr>
<td title='de.letsbulidacompiler.compiler.CompilerTest.runningCode_outputExpectedText()'><b>runningCode_outputExpectedText</b><br>Test class: de.letsbulidacompiler.compiler.CompilerTest<br>Parameters: greater than true, println(3 > 2);, 1
</td>
<td></td>
<td>0</td>
<td>de.letsbulidacompiler.compiler.CompilerTest@d2cc05a</td></tr>
<tr>
<td title='de.letsbulidacompiler.compiler.CompilerTest.runningCode_outputExpectedText()'><b>runningCode_outputExpectedText</b><br>Test class: de.letsbulidacompiler.compiler.CompilerTest<br>Parameters: greater than false, println(2 > 2);, 0
</td>
<td></td>
<td>0</td>
<td>de.letsbulidacompiler.compiler.CompilerTest@d2cc05a</td></tr>
<tr>
<td title='de.letsbulidacompiler.compiler.CompilerTest.runningCode_outputExpectedText()'><b>runningCode_outputExpectedText</b><br>Test class: de.letsbulidacompiler.compiler.CompilerTest<br>Parameters: greater than or equal true, println(2 >= 2);, 1
</td>
<td></td>
<td>0</td>
<td>de.letsbulidacompiler.compiler.CompilerTest@d2cc05a</td></tr>
<tr>
<td title='de.letsbulidacompiler.compiler.CompilerTest.runningCode_outputExpectedText()'><b>runningCode_outputExpectedText</b><br>Test class: de.letsbulidacompiler.compiler.CompilerTest<br>Parameters: greater than or equal false, println(1 >= 2);, 0
</td>
<td></td>
<td>0</td>
<td>de.letsbulidacompiler.compiler.CompilerTest@d2cc05a</td></tr>
</table><p>
</body>
</html>